DEBUG:root:FileList : __init__ : list = F:\imagews\training\list.txt
DEBUG:root:fileList = ['Land_ISS009-E-26643.jpg', 'Land_ISS009-E-18602.jpg', 'Land_ISS009-E-23914.jpg', 'Land_ISS009-E-10253.jpg', 'Land_ISS009-E-17989.jpg', 'Land_ISS009-E-23931.jpg', 'Land_ISS009-E-27098.jpg', 'Land_ISS009-E-10254.jpg', 'Land_ISS009-E-17990.jpg', 'Land_ISS009-E-23932.jpg', 'Land_ISS009-E-27099.jpg', 'Aurora_ISS027-E-11752.jpg', 'Aurora_ISS027-E-11761.jpg', 'Aurora_ISS027-E-11770.jpg', 'Aurora_ISS027-E-11786.jpg', 'Aurora_ISS027-E-11795.jpg', 'Aurora_ISS027-E-11787.jpg', 'Aurora_ISS027-E-11796.jpg', 'Aurora_ISS027-E-11754.jpg', 'Aurora_ISS027-E-11763.jpg', 'Aurora_ISS027-E-11772.jpg', 'Aurora_ISS027-E-11788.jpg', 'Aurora_ISS027-E-11773.jpg', 'Aurora_ISS027-E-11789.jpg', 'Aurora_ISS027-E-11798.jpg', 'Aurora_ISS027-E-11756.jpg', 'Aurora_ISS027-E-11765.jpg', 'Aurora_ISS027-E-11774.jpg', 'Aurora_ISS027-E-11790.jpg', 'Aurora_ISS027-E-11799.jpg', 'Limbnight_ISS027-E-8622.jpg', 'Limbnight_ISS027-E-8623.jpg', 'Limbnight_ISS027-E-8624.jpg', 'Limbnight_ISS027-E-8625.jpg', 'Limbnight_ISS037-E-5983.jpg', 'Limbnight_ISS037-E-5984.jpg', 'Limbnight_ISS037-E-5985.jpg', 'Limbnight_ISS037-E-5986.jpg', 'Limbnight_ISS037-E-5987.jpg', 'Limbnight_ISS037-E-5988.jpg', 'Limbnight_ISS037-E-5991.jpg', 'Limbnight_ISS037-E-5992.jpg', 'Limbnight_ISS037-E-8839.jpg', 'Limbnight_ISS037-E-8840.jpg', 'Limbnight_ISS037-E-8851.jpg', 'Limbnight_ISS037-E-8854.jpg', 'Limbnight_ISS037-E-8855.jpg', 'Limbnight_ISS037-E-8862.jpg', 'Night_ISS026-E-24757.jpg', 'Night_ISS026-E-24758.jpg', 'Night_ISS026-E-24760.jpg', 'Night_ISS026-E-24761.jpg', 'Night_ISS026-E-24765.jpg', 'Night_ISS026-E-24766.jpg', 'Night_ISS026-E-24767.jpg', 'Night_ISS026-E-24768.jpg', 'Night_ISS026-E-24773.jpg', 'Night_ISS026-E-24774.jpg', 'Night_ISS026-E-24776.jpg', 'Night_ISS026-E-24777.jpg', 'Night_ISS026-E-24778.jpg', 'Limbnight_ISS027-E-8622.jpg', 'Limbnight_ISS027-E-8623.jpg', 'Limbnight_ISS027-E-8624.jpg', 'Limbnight_ISS027-E-8625.jpg', 'Night_ISS026-E-24779.jpg', 'Night_ISS026-E-24780.jpg', 'Night_ISS026-E-24781.jpg', 'Night_ISS026-E-24782.jpg', 'Night_ISS026-E-24783.jpg', 'Night_ISS026-E-24784.jpg', 'Night_ISS026-E-24787.jpg', 'Night_ISS026-E-24788.jpg', 'Night_ISS026-E-24783.jpg', 'Night_ISS026-E-24784.jpg', 'Night_ISS026-E-24914.jpg', 'Night_ISS026-E-24927.jpg', 'Night_ISS026-E-24928.jpg', 'Night_ISS026-E-24935.jpg', 'Night_ISS028-E-25345.jpg', 'Night_ISS028-E-26630.jpg', 'Cloud_ISS027-E-15485.jpg', 'Cloud_ISS026-E-38991.jpg', 'Cloud_ISS009-E-21017.jpg', 'Earthlimb_ISS009-E-22194.jpg', 'Earthlimb_ISS009-E-28868.jpg', 'Earthlimb_ISS009-E-18987.jpg', 'Earthlimb_ISS009-E-18649.jpg', 'Earthlimb_ISS009-E-21985.jpg']
DEBUG:root:imagePaths = F:\imagews\training/Land_ISS009-E-26643.jpg
F:\imagews\training/Land_ISS009-E-18602.jpg
F:\imagews\training/Land_ISS009-E-23914.jpg
F:\imagews\training/Land_ISS009-E-10253.jpg
F:\imagews\training/Land_ISS009-E-17989.jpg
F:\imagews\training/Land_ISS009-E-23931.jpg
F:\imagews\training/Land_ISS009-E-27098.jpg
F:\imagews\training/Land_ISS009-E-10254.jpg
F:\imagews\training/Land_ISS009-E-17990.jpg
F:\imagews\training/Land_ISS009-E-23932.jpg
F:\imagews\training/Land_ISS009-E-27099.jpg
F:\imagews\training/Aurora_ISS027-E-11752.jpg
F:\imagews\training/Aurora_ISS027-E-11761.jpg
F:\imagews\training/Aurora_ISS027-E-11770.jpg
F:\imagews\training/Aurora_ISS027-E-11786.jpg
F:\imagews\training/Aurora_ISS027-E-11795.jpg
F:\imagews\training/Aurora_ISS027-E-11787.jpg
F:\imagews\training/Aurora_ISS027-E-11796.jpg
F:\imagews\training/Aurora_ISS027-E-11754.jpg
F:\imagews\training/Aurora_ISS027-E-11763.jpg
F:\imagews\training/Aurora_ISS027-E-11772.jpg
F:\imagews\training/Aurora_ISS027-E-11788.jpg
F:\imagews\training/Aurora_ISS027-E-11773.jpg
F:\imagews\training/Aurora_ISS027-E-11789.jpg
F:\imagews\training/Aurora_ISS027-E-11798.jpg
F:\imagews\training/Aurora_ISS027-E-11756.jpg
F:\imagews\training/Aurora_ISS027-E-11765.jpg
F:\imagews\training/Aurora_ISS027-E-11774.jpg
F:\imagews\training/Aurora_ISS027-E-11790.jpg
F:\imagews\training/Aurora_ISS027-E-11799.jpg
F:\imagews\training/Limbnight_ISS027-E-8622.jpg
F:\imagews\training/Limbnight_ISS027-E-8623.jpg
F:\imagews\training/Limbnight_ISS027-E-8624.jpg
F:\imagews\training/Limbnight_ISS027-E-8625.jpg
F:\imagews\training/Limbnight_ISS037-E-5983.jpg
F:\imagews\training/Limbnight_ISS037-E-5984.jpg
F:\imagews\training/Limbnight_ISS037-E-5985.jpg
F:\imagews\training/Limbnight_ISS037-E-5986.jpg
F:\imagews\training/Limbnight_ISS037-E-5987.jpg
F:\imagews\training/Limbnight_ISS037-E-5988.jpg
F:\imagews\training/Limbnight_ISS037-E-5991.jpg
F:\imagews\training/Limbnight_ISS037-E-5992.jpg
F:\imagews\training/Limbnight_ISS037-E-8839.jpg
F:\imagews\training/Limbnight_ISS037-E-8840.jpg
F:\imagews\training/Limbnight_ISS037-E-8851.jpg
F:\imagews\training/Limbnight_ISS037-E-8854.jpg
F:\imagews\training/Limbnight_ISS037-E-8855.jpg
F:\imagews\training/Limbnight_ISS037-E-8862.jpg
F:\imagews\training/Night_ISS026-E-24757.jpg
F:\imagews\training/Night_ISS026-E-24758.jpg
F:\imagews\training/Night_ISS026-E-24760.jpg
F:\imagews\training/Night_ISS026-E-24761.jpg
F:\imagews\training/Night_ISS026-E-24765.jpg
F:\imagews\training/Night_ISS026-E-24766.jpg
F:\imagews\training/Night_ISS026-E-24767.jpg
F:\imagews\training/Night_ISS026-E-24768.jpg
F:\imagews\training/Night_ISS026-E-24773.jpg
F:\imagews\training/Night_ISS026-E-24774.jpg
F:\imagews\training/Night_ISS026-E-24776.jpg
F:\imagews\training/Night_ISS026-E-24777.jpg
F:\imagews\training/Night_ISS026-E-24778.jpg
F:\imagews\training/Limbnight_ISS027-E-8622.jpg
F:\imagews\training/Limbnight_ISS027-E-8623.jpg
F:\imagews\training/Limbnight_ISS027-E-8624.jpg
F:\imagews\training/Limbnight_ISS027-E-8625.jpg
F:\imagews\training/Night_ISS026-E-24779.jpg
F:\imagews\training/Night_ISS026-E-24780.jpg
F:\imagews\training/Night_ISS026-E-24781.jpg
F:\imagews\training/Night_ISS026-E-24782.jpg
F:\imagews\training/Night_ISS026-E-24783.jpg
F:\imagews\training/Night_ISS026-E-24784.jpg
F:\imagews\training/Night_ISS026-E-24787.jpg
F:\imagews\training/Night_ISS026-E-24788.jpg
F:\imagews\training/Night_ISS026-E-24783.jpg
F:\imagews\training/Night_ISS026-E-24784.jpg
F:\imagews\training/Night_ISS026-E-24914.jpg
F:\imagews\training/Night_ISS026-E-24927.jpg
F:\imagews\training/Night_ISS026-E-24928.jpg
F:\imagews\training/Night_ISS026-E-24935.jpg
F:\imagews\training/Night_ISS028-E-25345.jpg
F:\imagews\training/Night_ISS028-E-26630.jpg
F:\imagews\training/Cloud_ISS027-E-15485.jpg
F:\imagews\training/Cloud_ISS026-E-38991.jpg
F:\imagews\training/Cloud_ISS009-E-21017.jpg
F:\imagews\training/Earthlimb_ISS009-E-22194.jpg
F:\imagews\training/Earthlimb_ISS009-E-28868.jpg
F:\imagews\training/Earthlimb_ISS009-E-18987.jpg
F:\imagews\training/Earthlimb_ISS009-E-18649.jpg
F:\imagews\training/Earthlimb_ISS009-E-21985.jpg
INFO:root:imagePath is ['F:\\imagews\\training/Land_ISS009-E-26643.jpg', 'F:\\imagews\\training/Land_ISS009-E-18602.jpg', 'F:\\imagews\\training/Land_ISS009-E-23914.jpg', 'F:\\imagews\\training/Land_ISS009-E-10253.jpg', 'F:\\imagews\\training/Land_ISS009-E-17989.jpg', 'F:\\imagews\\training/Land_ISS009-E-23931.jpg', 'F:\\imagews\\training/Land_ISS009-E-27098.jpg', 'F:\\imagews\\training/Land_ISS009-E-10254.jpg', 'F:\\imagews\\training/Land_ISS009-E-17990.jpg', 'F:\\imagews\\training/Land_ISS009-E-23932.jpg', 'F:\\imagews\\training/Land_ISS009-E-27099.jpg', 'F:\\imagews\\training/Aurora_ISS027-E-11752.jpg', 'F:\\imagews\\training/Aurora_ISS027-E-11761.jpg', 'F:\\imagews\\training/Aurora_ISS027-E-11770.jpg', 'F:\\imagews\\training/Aurora_ISS027-E-11786.jpg', 'F:\\imagews\\training/Aurora_ISS027-E-11795.jpg', 'F:\\imagews\\training/Aurora_ISS027-E-11787.jpg', 'F:\\imagews\\training/Aurora_ISS027-E-11796.jpg', 'F:\\imagews\\training/Aurora_ISS027-E-11754.jpg', 'F:\\imagews\\training/Aurora_ISS027-E-11763.jpg', 'F:\\imagews\\training/Aurora_ISS027-E-11772.jpg', 'F:\\imagews\\training/Aurora_ISS027-E-11788.jpg', 'F:\\imagews\\training/Aurora_ISS027-E-11773.jpg', 'F:\\imagews\\training/Aurora_ISS027-E-11789.jpg', 'F:\\imagews\\training/Aurora_ISS027-E-11798.jpg', 'F:\\imagews\\training/Aurora_ISS027-E-11756.jpg', 'F:\\imagews\\training/Aurora_ISS027-E-11765.jpg', 'F:\\imagews\\training/Aurora_ISS027-E-11774.jpg', 'F:\\imagews\\training/Aurora_ISS027-E-11790.jpg', 'F:\\imagews\\training/Aurora_ISS027-E-11799.jpg', 'F:\\imagews\\training/Limbnight_ISS027-E-8622.jpg', 'F:\\imagews\\training/Limbnight_ISS027-E-8623.jpg', 'F:\\imagews\\training/Limbnight_ISS027-E-8624.jpg', 'F:\\imagews\\training/Limbnight_ISS027-E-8625.jpg', 'F:\\imagews\\training/Limbnight_ISS037-E-5983.jpg', 'F:\\imagews\\training/Limbnight_ISS037-E-5984.jpg', 'F:\\imagews\\training/Limbnight_ISS037-E-5985.jpg', 'F:\\imagews\\training/Limbnight_ISS037-E-5986.jpg', 'F:\\imagews\\training/Limbnight_ISS037-E-5987.jpg', 'F:\\imagews\\training/Limbnight_ISS037-E-5988.jpg', 'F:\\imagews\\training/Limbnight_ISS037-E-5991.jpg', 'F:\\imagews\\training/Limbnight_ISS037-E-5992.jpg', 'F:\\imagews\\training/Limbnight_ISS037-E-8839.jpg', 'F:\\imagews\\training/Limbnight_ISS037-E-8840.jpg', 'F:\\imagews\\training/Limbnight_ISS037-E-8851.jpg', 'F:\\imagews\\training/Limbnight_ISS037-E-8854.jpg', 'F:\\imagews\\training/Limbnight_ISS037-E-8855.jpg', 'F:\\imagews\\training/Limbnight_ISS037-E-8862.jpg', 'F:\\imagews\\training/Night_ISS026-E-24757.jpg', 'F:\\imagews\\training/Night_ISS026-E-24758.jpg', 'F:\\imagews\\training/Night_ISS026-E-24760.jpg', 'F:\\imagews\\training/Night_ISS026-E-24761.jpg', 'F:\\imagews\\training/Night_ISS026-E-24765.jpg', 'F:\\imagews\\training/Night_ISS026-E-24766.jpg', 'F:\\imagews\\training/Night_ISS026-E-24767.jpg', 'F:\\imagews\\training/Night_ISS026-E-24768.jpg', 'F:\\imagews\\training/Night_ISS026-E-24773.jpg', 'F:\\imagews\\training/Night_ISS026-E-24774.jpg', 'F:\\imagews\\training/Night_ISS026-E-24776.jpg', 'F:\\imagews\\training/Night_ISS026-E-24777.jpg', 'F:\\imagews\\training/Night_ISS026-E-24778.jpg', 'F:\\imagews\\training/Limbnight_ISS027-E-8622.jpg', 'F:\\imagews\\training/Limbnight_ISS027-E-8623.jpg', 'F:\\imagews\\training/Limbnight_ISS027-E-8624.jpg', 'F:\\imagews\\training/Limbnight_ISS027-E-8625.jpg', 'F:\\imagews\\training/Night_ISS026-E-24779.jpg', 'F:\\imagews\\training/Night_ISS026-E-24780.jpg', 'F:\\imagews\\training/Night_ISS026-E-24781.jpg', 'F:\\imagews\\training/Night_ISS026-E-24782.jpg', 'F:\\imagews\\training/Night_ISS026-E-24783.jpg', 'F:\\imagews\\training/Night_ISS026-E-24784.jpg', 'F:\\imagews\\training/Night_ISS026-E-24787.jpg', 'F:\\imagews\\training/Night_ISS026-E-24788.jpg', 'F:\\imagews\\training/Night_ISS026-E-24783.jpg', 'F:\\imagews\\training/Night_ISS026-E-24784.jpg', 'F:\\imagews\\training/Night_ISS026-E-24914.jpg', 'F:\\imagews\\training/Night_ISS026-E-24927.jpg', 'F:\\imagews\\training/Night_ISS026-E-24928.jpg', 'F:\\imagews\\training/Night_ISS026-E-24935.jpg', 'F:\\imagews\\training/Night_ISS028-E-25345.jpg', 'F:\\imagews\\training/Night_ISS028-E-26630.jpg', 'F:\\imagews\\training/Cloud_ISS027-E-15485.jpg', 'F:\\imagews\\training/Cloud_ISS026-E-38991.jpg', 'F:\\imagews\\training/Cloud_ISS009-E-21017.jpg', 'F:\\imagews\\training/Earthlimb_ISS009-E-22194.jpg', 'F:\\imagews\\training/Earthlimb_ISS009-E-28868.jpg', 'F:\\imagews\\training/Earthlimb_ISS009-E-18987.jpg', 'F:\\imagews\\training/Earthlimb_ISS009-E-18649.jpg', 'F:\\imagews\\training/Earthlimb_ISS009-E-21985.jpg']
