INFO:root:input path is F:\imagews\training
INFO:root:log level : debug
INFO:root:greenLower = [ 0 45  0]
INFO:root:greenLower = [ 60 200  20]
DEBUG:root:fileList = ['Aurora_ISS009-E-28575.jpg', 'Aurora_ISS009-E-28576.jpg', 'Aurora_ISS037-E-6342.jpg', 'Aurora_ISS037-E-6345.jpg', 'Aurora_ISS037-E-7528.jpg', 'ISS_ISS026-E-28071.jpg', 'Limbnight_ISS037-E-8497.jpg', 'ISS_ISS026-E-28063.jpg', 'ISS_ISS026-E-28064.jpg', 'ISS_ISS026-E-28066.jpg', 'ISS_ISS026-E-28068.jpg', 'ISS_ISS026-E-28069.jpg', 'ISS_ISS026-E-28071.jpg', 'Aurora_ISS027-E-11752.jpg', 'Aurora_ISS027-E-11761.jpg', 'Aurora_ISS027-E-11770.jpg', 'Aurora_ISS027-E-11786.jpg', 'Aurora_ISS027-E-11795.jpg', 'Aurora_ISS027-E-11753.jpg', 'Aurora_ISS027-E-11762.jpg', 'Aurora_ISS027-E-11771.jpg', 'Aurora_ISS027-E-11787.jpg', 'Aurora_ISS027-E-11796.jpg', 'Aurora_ISS027-E-11754.jpg', 'Aurora_ISS027-E-11763.jpg', 'Aurora_ISS027-E-11772.jpg', 'Aurora_ISS027-E-11788.jpg', 'Aurora_ISS027-E-11797.jpg', 'Aurora_ISS027-E-11755.jpg', 'Aurora_ISS027-E-11764.jpg', 'Aurora_ISS027-E-11773.jpg', 'Aurora_ISS027-E-11789.jpg', 'Aurora_ISS027-E-11798.jpg', 'Aurora_ISS027-E-11756.jpg', 'Aurora_ISS027-E-11765.jpg', 'Aurora_ISS027-E-11774.jpg', 'Aurora_ISS027-E-11790.jpg', 'Aurora_ISS027-E-11799.jpg', 'Limbnight_ISS027-E-8622.jpg', 'Limbnight_ISS027-E-8623.jpg', 'Limbnight_ISS027-E-8624.jpg', 'Limbnight_ISS027-E-8625.jpg', 'Limbnight_ISS037-E-5983.jpg', 'Limbnight_ISS037-E-5984.jpg', 'Limbnight_ISS037-E-5985.jpg', 'Limbnight_ISS037-E-5986.jpg', 'Limbnight_ISS037-E-5987.jpg', 'Limbnight_ISS037-E-5988.jpg', 'Limbnight_ISS037-E-5989.jpg', 'Limbnight_ISS037-E-5990.jpg', 'Limbnight_ISS037-E-5991.jpg', 'Limbnight_ISS037-E-5992.jpg', 'Limbnight_ISS037-E-5993.jpg', 'Limbnight_ISS037-E-5994.jpg', 'Limbnight_ISS037-E-8838.jpg', 'Limbnight_ISS037-E-8839.jpg', 'Limbnight_ISS037-E-8840.jpg', 'Limbnight_ISS037-E-8841.jpg', 'Limbnight_ISS037-E-8842.jpg', 'Limbnight_ISS037-E-8843.jpg', 'Limbnight_ISS037-E-8844.jpg', 'Limbnight_ISS037-E-8845.jpg', 'Limbnight_ISS037-E-8846.jpg', 'Limbnight_ISS037-E-8847.jpg', 'Limbnight_ISS037-E-8848.jpg', 'Limbnight_ISS037-E-8849.jpg', 'Limbnight_ISS037-E-8850.jpg', 'Limbnight_ISS037-E-8851.jpg', 'Limbnight_ISS037-E-8852.jpg', 'Limbnight_ISS037-E-8853.jpg', 'Limbnight_ISS037-E-8854.jpg', 'Limbnight_ISS037-E-8855.jpg', 'Limbnight_ISS037-E-8856.jpg', 'Limbnight_ISS037-E-8857.jpg', 'Limbnight_ISS037-E-8858.jpg', 'Limbnight_ISS037-E-8859.jpg', 'Limbnight_ISS037-E-8860.jpg', 'Limbnight_ISS037-E-8861.jpg', 'Limbnight_ISS037-E-8862.jpg', 'Limbnight_ISS037-E-8863.jpg', 'Limbnight_ISS037-E-8864.jpg', 'Limbnight_ISS037-E-8865.jpg', 'Limbnight_ISS037-E-8866.jpg', 'Limbnight_ISS037-E-8867.jpg', 'Limbnight_ISS037-E-8868.jpg', 'Limbnight_ISS037-E-8869.jpg', 'Limbnight_ISS037-E-8870.jpg', 'Limbnight_ISS037-E-8871.jpg', 'Limbnight_ISS037-E-8872.jpg', 'Limbnight_ISS037-E-8932.jpg', 'Limbnight_ISS037-E-8933.jpg', 'Limbnight_ISS037-E-8934.jpg', 'Limbnight_ISS037-E-8935.jpg', 'Limbnight_ISS037-E-8936.jpg', 'Limbnight_ISS037-E-8937.jpg', 'Limbnight_ISS037-E-8938.jpg', 'Limbnight_ISS037-E-8939.jpg', 'Limbnight_ISS037-E-8940.jpg', 'Limbnight_ISS037-E-8941.jpg', 'Limbnight_ISS037-E-8942.jpg', 'Night_ISS026-E-24757.jpg', 'Night_ISS026-E-24758.jpg', 'Night_ISS026-E-24760.jpg', 'Night_ISS026-E-24761.jpg', 'Night_ISS026-E-24762.jpg', 'Night_ISS026-E-24763.jpg', 'Night_ISS026-E-24764.jpg', 'Night_ISS026-E-24765.jpg', 'Night_ISS026-E-24766.jpg', 'Night_ISS026-E-24767.jpg', 'Night_ISS026-E-24768.jpg', 'Night_ISS026-E-24773.jpg', 'Night_ISS026-E-24774.jpg', 'Night_ISS026-E-24775.jpg', 'Night_ISS026-E-24776.jpg', 'Night_ISS026-E-24777.jpg', 'Night_ISS026-E-24778.jpg', 'Limbnight_ISS027-E-8622.jpg', 'Limbnight_ISS027-E-8623.jpg', 'Limbnight_ISS027-E-8624.jpg', 'Limbnight_ISS027-E-8625.jpg', 'Limbnight_ISS037-E-5983.jpg', 'Limbnight_ISS037-E-5984.jpg', 'Limbnight_ISS037-E-5985.jpg', 'Limbnight_ISS037-E-5986.jpg', 'Limbnight_ISS037-E-5987.jpg', 'Limbnight_ISS037-E-5988.jpg', 'Limbnight_ISS037-E-5989.jpg', 'Limbnight_ISS037-E-5990.jpg', 'Limbnight_ISS037-E-5991.jpg', 'Limbnight_ISS037-E-5992.jpg', 'Limbnight_ISS037-E-5993.jpg', 'Limbnight_ISS037-E-5994.jpg', 'Limbnight_ISS037-E-8838.jpg', 'Limbnight_ISS037-E-8839.jpg', 'Limbnight_ISS037-E-8840.jpg', 'Limbnight_ISS037-E-8841.jpg', 'Limbnight_ISS037-E-8842.jpg', 'Limbnight_ISS037-E-8843.jpg', 'Limbnight_ISS037-E-8844.jpg', 'Limbnight_ISS037-E-8845.jpg', 'Limbnight_ISS037-E-8846.jpg', 'Limbnight_ISS037-E-8847.jpg', 'Limbnight_ISS037-E-8848.jpg', 'Limbnight_ISS037-E-8849.jpg', 'Limbnight_ISS037-E-8850.jpg', 'Limbnight_ISS037-E-8851.jpg', 'Limbnight_ISS037-E-8852.jpg', 'Limbnight_ISS037-E-8853.jpg', 'Limbnight_ISS037-E-8854.jpg', 'Limbnight_ISS037-E-8855.jpg', 'Limbnight_ISS037-E-8856.jpg', 'Limbnight_ISS037-E-8857.jpg', 'Limbnight_ISS037-E-8858.jpg', 'Limbnight_ISS037-E-8859.jpg', 'Limbnight_ISS037-E-8860.jpg', 'Limbnight_ISS037-E-8861.jpg', 'Limbnight_ISS037-E-8862.jpg', 'Limbnight_ISS037-E-8863.jpg', 'Limbnight_ISS037-E-8864.jpg', 'Limbnight_ISS037-E-8865.jpg', 'Limbnight_ISS037-E-8866.jpg', 'Limbnight_ISS037-E-8867.jpg', 'Limbnight_ISS037-E-8868.jpg', 'Limbnight_ISS037-E-8869.jpg', 'Limbnight_ISS037-E-8870.jpg', 'Limbnight_ISS037-E-8871.jpg', 'Limbnight_ISS037-E-8872.jpg', 'Limbnight_ISS037-E-8932.jpg', 'Limbnight_ISS037-E-8933.jpg', 'Limbnight_ISS037-E-8934.jpg', 'Limbnight_ISS037-E-8935.jpg', 'Limbnight_ISS037-E-8936.jpg', 'Limbnight_ISS037-E-8937.jpg', 'Limbnight_ISS037-E-8938.jpg', 'Limbnight_ISS037-E-8939.jpg', 'Limbnight_ISS037-E-8940.jpg', 'Limbnight_ISS037-E-8941.jpg', 'Limbnight_ISS037-E-8942.jpg', 'Night_ISS026-E-24779.jpg', 'Night_ISS026-E-24780.jpg', 'Night_ISS026-E-24781.jpg', 'Night_ISS026-E-24782.jpg', 'Night_ISS026-E-24783.jpg', 'Night_ISS026-E-24784.jpg', 'Night_ISS026-E-24785.jpg', 'Night_ISS026-E-24786.jpg', 'Night_ISS026-E-24787.jpg', 'Night_ISS026-E-24788.jpg', 'Night_ISS026-E-24776.jpg', 'Night_ISS026-E-24777.jpg', 'Night_ISS026-E-24778.jpg', 'Night_ISS026-E-24779.jpg', 'Night_ISS026-E-24780.jpg', 'Night_ISS026-E-24781.jpg', 'Night_ISS026-E-24782.jpg', 'Night_ISS026-E-24783.jpg', 'Night_ISS026-E-24784.jpg', 'Night_ISS026-E-24785.jpg', 'Night_ISS026-E-24786.jpg', 'Night_ISS026-E-24787.jpg', 'Night_ISS026-E-24788.jpg', 'Night_ISS026-E-24913.jpg', 'Night_ISS026-E-24914.jpg', 'Night_ISS026-E-24915.jpg', 'Night_ISS026-E-24916.jpg', 'Night_ISS026-E-24917.jpg', 'Night_ISS026-E-24918.jpg', 'Night_ISS026-E-24919.jpg', 'Night_ISS026-E-24920.jpg', 'Night_ISS026-E-24921.jpg', 'Night_ISS026-E-24922.jpg', 'Night_ISS026-E-24923.jpg', 'Night_ISS026-E-24924.jpg', 'Night_ISS026-E-24925.jpg', 'Night_ISS026-E-24926.jpg', 'Night_ISS026-E-24927.jpg', 'Night_ISS026-E-24928.jpg', 'Night_ISS026-E-24931.jpg', 'Night_ISS026-E-24932.jpg', 'Night_ISS026-E-24933.jpg', 'Night_ISS026-E-24934.jpg', 'Night_ISS026-E-24935.jpg']
INFO:root:imagePath is ['F:\\imagews\\training/Aurora_ISS009-E-28575.jpg', 'F:\\imagews\\training/Aurora_ISS009-E-28576.jpg', 'F:\\imagews\\training/Aurora_ISS037-E-6342.jpg', 'F:\\imagews\\training/Aurora_ISS037-E-6345.jpg', 'F:\\imagews\\training/Aurora_ISS037-E-7528.jpg', 'F:\\imagews\\training/ISS_ISS026-E-28071.jpg', 'F:\\imagews\\training/Limbnight_ISS037-E-8497.jpg', 'F:\\imagews\\training/ISS_ISS026-E-28063.jpg', 'F:\\imagews\\training/ISS_ISS026-E-28064.jpg', 'F:\\imagews\\training/ISS_ISS026-E-28066.jpg', 'F:\\imagews\\training/ISS_ISS026-E-28068.jpg', 'F:\\imagews\\training/ISS_ISS026-E-28069.jpg', 'F:\\imagews\\training/ISS_ISS026-E-28071.jpg', 'F:\\imagews\\training/Aurora_ISS027-E-11752.jpg', 'F:\\imagews\\training/Aurora_ISS027-E-11761.jpg', 'F:\\imagews\\training/Aurora_ISS027-E-11770.jpg', 'F:\\imagews\\training/Aurora_ISS027-E-11786.jpg', 'F:\\imagews\\training/Aurora_ISS027-E-11795.jpg', 'F:\\imagews\\training/Aurora_ISS027-E-11753.jpg', 'F:\\imagews\\training/Aurora_ISS027-E-11762.jpg', 'F:\\imagews\\training/Aurora_ISS027-E-11771.jpg', 'F:\\imagews\\training/Aurora_ISS027-E-11787.jpg', 'F:\\imagews\\training/Aurora_ISS027-E-11796.jpg', 'F:\\imagews\\training/Aurora_ISS027-E-11754.jpg', 'F:\\imagews\\training/Aurora_ISS027-E-11763.jpg', 'F:\\imagews\\training/Aurora_ISS027-E-11772.jpg', 'F:\\imagews\\training/Aurora_ISS027-E-11788.jpg', 'F:\\imagews\\training/Aurora_ISS027-E-11797.jpg', 'F:\\imagews\\training/Aurora_ISS027-E-11755.jpg', 'F:\\imagews\\training/Aurora_ISS027-E-11764.jpg', 'F:\\imagews\\training/Aurora_ISS027-E-11773.jpg', 'F:\\imagews\\training/Aurora_ISS027-E-11789.jpg', 'F:\\imagews\\training/Aurora_ISS027-E-11798.jpg', 'F:\\imagews\\training/Aurora_ISS027-E-11756.jpg', 'F:\\imagews\\training/Aurora_ISS027-E-11765.jpg', 'F:\\imagews\\training/Aurora_ISS027-E-11774.jpg', 'F:\\imagews\\training/Aurora_ISS027-E-11790.jpg', 'F:\\imagews\\training/Aurora_ISS027-E-11799.jpg', 'F:\\imagews\\training/Limbnight_ISS027-E-8622.jpg', 'F:\\imagews\\training/Limbnight_ISS027-E-8623.jpg', 'F:\\imagews\\training/Limbnight_ISS027-E-8624.jpg', 'F:\\imagews\\training/Limbnight_ISS027-E-8625.jpg', 'F:\\imagews\\training/Limbnight_ISS037-E-5983.jpg', 'F:\\imagews\\training/Limbnight_ISS037-E-5984.jpg', 'F:\\imagews\\training/Limbnight_ISS037-E-5985.jpg', 'F:\\imagews\\training/Limbnight_ISS037-E-5986.jpg', 'F:\\imagews\\training/Limbnight_ISS037-E-5987.jpg', 'F:\\imagews\\training/Limbnight_ISS037-E-5988.jpg', 'F:\\imagews\\training/Limbnight_ISS037-E-5989.jpg', 'F:\\imagews\\training/Limbnight_ISS037-E-5990.jpg', 'F:\\imagews\\training/Limbnight_ISS037-E-5991.jpg', 'F:\\imagews\\training/Limbnight_ISS037-E-5992.jpg', 'F:\\imagews\\training/Limbnight_ISS037-E-5993.jpg', 'F:\\imagews\\training/Limbnight_ISS037-E-5994.jpg', 'F:\\imagews\\training/Limbnight_ISS037-E-8838.jpg', 'F:\\imagews\\training/Limbnight_ISS037-E-8839.jpg', 'F:\\imagews\\training/Limbnight_ISS037-E-8840.jpg', 'F:\\imagews\\training/Limbnight_ISS037-E-8841.jpg', 'F:\\imagews\\training/Limbnight_ISS037-E-8842.jpg', 'F:\\imagews\\training/Limbnight_ISS037-E-8843.jpg', 'F:\\imagews\\training/Limbnight_ISS037-E-8844.jpg', 'F:\\imagews\\training/Limbnight_ISS037-E-8845.jpg', 'F:\\imagews\\training/Limbnight_ISS037-E-8846.jpg', 'F:\\imagews\\training/Limbnight_ISS037-E-8847.jpg', 'F:\\imagews\\training/Limbnight_ISS037-E-8848.jpg', 'F:\\imagews\\training/Limbnight_ISS037-E-8849.jpg', 'F:\\imagews\\training/Limbnight_ISS037-E-8850.jpg', 'F:\\imagews\\training/Limbnight_ISS037-E-8851.jpg', 'F:\\imagews\\training/Limbnight_ISS037-E-8852.jpg', 'F:\\imagews\\training/Limbnight_ISS037-E-8853.jpg', 'F:\\imagews\\training/Limbnight_ISS037-E-8854.jpg', 'F:\\imagews\\training/Limbnight_ISS037-E-8855.jpg', 'F:\\imagews\\training/Limbnight_ISS037-E-8856.jpg', 'F:\\imagews\\training/Limbnight_ISS037-E-8857.jpg', 'F:\\imagews\\training/Limbnight_ISS037-E-8858.jpg', 'F:\\imagews\\training/Limbnight_ISS037-E-8859.jpg', 'F:\\imagews\\training/Limbnight_ISS037-E-8860.jpg', 'F:\\imagews\\training/Limbnight_ISS037-E-8861.jpg', 'F:\\imagews\\training/Limbnight_ISS037-E-8862.jpg', 'F:\\imagews\\training/Limbnight_ISS037-E-8863.jpg', 'F:\\imagews\\training/Limbnight_ISS037-E-8864.jpg', 'F:\\imagews\\training/Limbnight_ISS037-E-8865.jpg', 'F:\\imagews\\training/Limbnight_ISS037-E-8866.jpg', 'F:\\imagews\\training/Limbnight_ISS037-E-8867.jpg', 'F:\\imagews\\training/Limbnight_ISS037-E-8868.jpg', 'F:\\imagews\\training/Limbnight_ISS037-E-8869.jpg', 'F:\\imagews\\training/Limbnight_ISS037-E-8870.jpg', 'F:\\imagews\\training/Limbnight_ISS037-E-8871.jpg', 'F:\\imagews\\training/Limbnight_ISS037-E-8872.jpg', 'F:\\imagews\\training/Limbnight_ISS037-E-8932.jpg', 'F:\\imagews\\training/Limbnight_ISS037-E-8933.jpg', 'F:\\imagews\\training/Limbnight_ISS037-E-8934.jpg', 'F:\\imagews\\training/Limbnight_ISS037-E-8935.jpg', 'F:\\imagews\\training/Limbnight_ISS037-E-8936.jpg', 'F:\\imagews\\training/Limbnight_ISS037-E-8937.jpg', 'F:\\imagews\\training/Limbnight_ISS037-E-8938.jpg', 'F:\\imagews\\training/Limbnight_ISS037-E-8939.jpg', 'F:\\imagews\\training/Limbnight_ISS037-E-8940.jpg', 'F:\\imagews\\training/Limbnight_ISS037-E-8941.jpg', 'F:\\imagews\\training/Limbnight_ISS037-E-8942.jpg', 'F:\\imagews\\training/Night_ISS026-E-24757.jpg', 'F:\\imagews\\training/Night_ISS026-E-24758.jpg', 'F:\\imagews\\training/Night_ISS026-E-24760.jpg', 'F:\\imagews\\training/Night_ISS026-E-24761.jpg', 'F:\\imagews\\training/Night_ISS026-E-24762.jpg', 'F:\\imagews\\training/Night_ISS026-E-24763.jpg', 'F:\\imagews\\training/Night_ISS026-E-24764.jpg', 'F:\\imagews\\training/Night_ISS026-E-24765.jpg', 'F:\\imagews\\training/Night_ISS026-E-24766.jpg', 'F:\\imagews\\training/Night_ISS026-E-24767.jpg', 'F:\\imagews\\training/Night_ISS026-E-24768.jpg', 'F:\\imagews\\training/Night_ISS026-E-24773.jpg', 'F:\\imagews\\training/Night_ISS026-E-24774.jpg', 'F:\\imagews\\training/Night_ISS026-E-24775.jpg', 'F:\\imagews\\training/Night_ISS026-E-24776.jpg', 'F:\\imagews\\training/Night_ISS026-E-24777.jpg', 'F:\\imagews\\training/Night_ISS026-E-24778.jpg', 'F:\\imagews\\training/Limbnight_ISS027-E-8622.jpg', 'F:\\imagews\\training/Limbnight_ISS027-E-8623.jpg', 'F:\\imagews\\training/Limbnight_ISS027-E-8624.jpg', 'F:\\imagews\\training/Limbnight_ISS027-E-8625.jpg', 'F:\\imagews\\training/Limbnight_ISS037-E-5983.jpg', 'F:\\imagews\\training/Limbnight_ISS037-E-5984.jpg', 'F:\\imagews\\training/Limbnight_ISS037-E-5985.jpg', 'F:\\imagews\\training/Limbnight_ISS037-E-5986.jpg', 'F:\\imagews\\training/Limbnight_ISS037-E-5987.jpg', 'F:\\imagews\\training/Limbnight_ISS037-E-5988.jpg', 'F:\\imagews\\training/Limbnight_ISS037-E-5989.jpg', 'F:\\imagews\\training/Limbnight_ISS037-E-5990.jpg', 'F:\\imagews\\training/Limbnight_ISS037-E-5991.jpg', 'F:\\imagews\\training/Limbnight_ISS037-E-5992.jpg', 'F:\\imagews\\training/Limbnight_ISS037-E-5993.jpg', 'F:\\imagews\\training/Limbnight_ISS037-E-5994.jpg', 'F:\\imagews\\training/Limbnight_ISS037-E-8838.jpg', 'F:\\imagews\\training/Limbnight_ISS037-E-8839.jpg', 'F:\\imagews\\training/Limbnight_ISS037-E-8840.jpg', 'F:\\imagews\\training/Limbnight_ISS037-E-8841.jpg', 'F:\\imagews\\training/Limbnight_ISS037-E-8842.jpg', 'F:\\imagews\\training/Limbnight_ISS037-E-8843.jpg', 'F:\\imagews\\training/Limbnight_ISS037-E-8844.jpg', 'F:\\imagews\\training/Limbnight_ISS037-E-8845.jpg', 'F:\\imagews\\training/Limbnight_ISS037-E-8846.jpg', 'F:\\imagews\\training/Limbnight_ISS037-E-8847.jpg', 'F:\\imagews\\training/Limbnight_ISS037-E-8848.jpg', 'F:\\imagews\\training/Limbnight_ISS037-E-8849.jpg', 'F:\\imagews\\training/Limbnight_ISS037-E-8850.jpg', 'F:\\imagews\\training/Limbnight_ISS037-E-8851.jpg', 'F:\\imagews\\training/Limbnight_ISS037-E-8852.jpg', 'F:\\imagews\\training/Limbnight_ISS037-E-8853.jpg', 'F:\\imagews\\training/Limbnight_ISS037-E-8854.jpg', 'F:\\imagews\\training/Limbnight_ISS037-E-8855.jpg', 'F:\\imagews\\training/Limbnight_ISS037-E-8856.jpg', 'F:\\imagews\\training/Limbnight_ISS037-E-8857.jpg', 'F:\\imagews\\training/Limbnight_ISS037-E-8858.jpg', 'F:\\imagews\\training/Limbnight_ISS037-E-8859.jpg', 'F:\\imagews\\training/Limbnight_ISS037-E-8860.jpg', 'F:\\imagews\\training/Limbnight_ISS037-E-8861.jpg', 'F:\\imagews\\training/Limbnight_ISS037-E-8862.jpg', 'F:\\imagews\\training/Limbnight_ISS037-E-8863.jpg', 'F:\\imagews\\training/Limbnight_ISS037-E-8864.jpg', 'F:\\imagews\\training/Limbnight_ISS037-E-8865.jpg', 'F:\\imagews\\training/Limbnight_ISS037-E-8866.jpg', 'F:\\imagews\\training/Limbnight_ISS037-E-8867.jpg', 'F:\\imagews\\training/Limbnight_ISS037-E-8868.jpg', 'F:\\imagews\\training/Limbnight_ISS037-E-8869.jpg', 'F:\\imagews\\training/Limbnight_ISS037-E-8870.jpg', 'F:\\imagews\\training/Limbnight_ISS037-E-8871.jpg', 'F:\\imagews\\training/Limbnight_ISS037-E-8872.jpg', 'F:\\imagews\\training/Limbnight_ISS037-E-8932.jpg', 'F:\\imagews\\training/Limbnight_ISS037-E-8933.jpg', 'F:\\imagews\\training/Limbnight_ISS037-E-8934.jpg', 'F:\\imagews\\training/Limbnight_ISS037-E-8935.jpg', 'F:\\imagews\\training/Limbnight_ISS037-E-8936.jpg', 'F:\\imagews\\training/Limbnight_ISS037-E-8937.jpg', 'F:\\imagews\\training/Limbnight_ISS037-E-8938.jpg', 'F:\\imagews\\training/Limbnight_ISS037-E-8939.jpg', 'F:\\imagews\\training/Limbnight_ISS037-E-8940.jpg', 'F:\\imagews\\training/Limbnight_ISS037-E-8941.jpg', 'F:\\imagews\\training/Limbnight_ISS037-E-8942.jpg', 'F:\\imagews\\training/Night_ISS026-E-24779.jpg', 'F:\\imagews\\training/Night_ISS026-E-24780.jpg', 'F:\\imagews\\training/Night_ISS026-E-24781.jpg', 'F:\\imagews\\training/Night_ISS026-E-24782.jpg', 'F:\\imagews\\training/Night_ISS026-E-24783.jpg', 'F:\\imagews\\training/Night_ISS026-E-24784.jpg', 'F:\\imagews\\training/Night_ISS026-E-24785.jpg', 'F:\\imagews\\training/Night_ISS026-E-24786.jpg', 'F:\\imagews\\training/Night_ISS026-E-24787.jpg', 'F:\\imagews\\training/Night_ISS026-E-24788.jpg', 'F:\\imagews\\training/Night_ISS026-E-24776.jpg', 'F:\\imagews\\training/Night_ISS026-E-24777.jpg', 'F:\\imagews\\training/Night_ISS026-E-24778.jpg', 'F:\\imagews\\training/Night_ISS026-E-24779.jpg', 'F:\\imagews\\training/Night_ISS026-E-24780.jpg', 'F:\\imagews\\training/Night_ISS026-E-24781.jpg', 'F:\\imagews\\training/Night_ISS026-E-24782.jpg', 'F:\\imagews\\training/Night_ISS026-E-24783.jpg', 'F:\\imagews\\training/Night_ISS026-E-24784.jpg', 'F:\\imagews\\training/Night_ISS026-E-24785.jpg', 'F:\\imagews\\training/Night_ISS026-E-24786.jpg', 'F:\\imagews\\training/Night_ISS026-E-24787.jpg', 'F:\\imagews\\training/Night_ISS026-E-24788.jpg', 'F:\\imagews\\training/Night_ISS026-E-24913.jpg', 'F:\\imagews\\training/Night_ISS026-E-24914.jpg', 'F:\\imagews\\training/Night_ISS026-E-24915.jpg', 'F:\\imagews\\training/Night_ISS026-E-24916.jpg', 'F:\\imagews\\training/Night_ISS026-E-24917.jpg', 'F:\\imagews\\training/Night_ISS026-E-24918.jpg', 'F:\\imagews\\training/Night_ISS026-E-24919.jpg', 'F:\\imagews\\training/Night_ISS026-E-24920.jpg', 'F:\\imagews\\training/Night_ISS026-E-24921.jpg', 'F:\\imagews\\training/Night_ISS026-E-24922.jpg', 'F:\\imagews\\training/Night_ISS026-E-24923.jpg', 'F:\\imagews\\training/Night_ISS026-E-24924.jpg', 'F:\\imagews\\training/Night_ISS026-E-24925.jpg', 'F:\\imagews\\training/Night_ISS026-E-24926.jpg', 'F:\\imagews\\training/Night_ISS026-E-24927.jpg', 'F:\\imagews\\training/Night_ISS026-E-24928.jpg', 'F:\\imagews\\training/Night_ISS026-E-24931.jpg', 'F:\\imagews\\training/Night_ISS026-E-24932.jpg', 'F:\\imagews\\training/Night_ISS026-E-24933.jpg', 'F:\\imagews\\training/Night_ISS026-E-24934.jpg', 'F:\\imagews\\training/Night_ISS026-E-24935.jpg']
DEBUG:root:Number of non-zero pixels in binary array : 0
INFO:root:F:\imagews\training/Aurora_ISS009-E-28575.jpg 0.0
DEBUG:root:Number of non-zero pixels in binary array : 0
INFO:root:F:\imagews\training/Aurora_ISS009-E-28576.jpg 0.0
DEBUG:root:Number of non-zero pixels in binary array : 4017
INFO:root:F:\imagews\training/Aurora_ISS037-E-6342.jpg 2.41987951807
DEBUG:root:Number of non-zero pixels in binary array : 5341
INFO:root:F:\imagews\training/Aurora_ISS037-E-6345.jpg 3.21746987952
DEBUG:root:Number of non-zero pixels in binary array : 1906
INFO:root:F:\imagews\training/Aurora_ISS037-E-7528.jpg 1.14819277108
DEBUG:root:Number of non-zero pixels in binary array : 31
INFO:root:F:\imagews\training/ISS_ISS026-E-28071.jpg 0.0181818181818
DEBUG:root:Number of non-zero pixels in binary array : 1
INFO:root:F:\imagews\training/Limbnight_ISS037-E-8497.jpg 0.000602409638554
DEBUG:root:Number of non-zero pixels in binary array : 128
INFO:root:F:\imagews\training/ISS_ISS026-E-28063.jpg 0.075073313783
DEBUG:root:Number of non-zero pixels in binary array : 137
INFO:root:F:\imagews\training/ISS_ISS026-E-28064.jpg 0.0803519061584
DEBUG:root:Number of non-zero pixels in binary array : 113
INFO:root:F:\imagews\training/ISS_ISS026-E-28066.jpg 0.066275659824
DEBUG:root:Number of non-zero pixels in binary array : 58
INFO:root:F:\imagews\training/ISS_ISS026-E-28068.jpg 0.0340175953079
DEBUG:root:Number of non-zero pixels in binary array : 34
INFO:root:F:\imagews\training/ISS_ISS026-E-28069.jpg 0.0199413489736
DEBUG:root:Number of non-zero pixels in binary array : 31
INFO:root:F:\imagews\training/ISS_ISS026-E-28071.jpg 0.0181818181818
DEBUG:root:Number of non-zero pixels in binary array : 164
INFO:root:F:\imagews\training/Aurora_ISS027-E-11752.jpg 0.0959064327485
DEBUG:root:Number of non-zero pixels in binary array : 166
INFO:root:F:\imagews\training/Aurora_ISS027-E-11761.jpg 0.0970760233918
DEBUG:root:Number of non-zero pixels in binary array : 669
INFO:root:F:\imagews\training/Aurora_ISS027-E-11770.jpg 0.391228070175
DEBUG:root:Number of non-zero pixels in binary array : 2305
INFO:root:F:\imagews\training/Aurora_ISS027-E-11786.jpg 1.34795321637
DEBUG:root:Number of non-zero pixels in binary array : 641
INFO:root:F:\imagews\training/Aurora_ISS027-E-11795.jpg 0.37485380117
DEBUG:root:Number of non-zero pixels in binary array : 174
INFO:root:F:\imagews\training/Aurora_ISS027-E-11753.jpg 0.101754385965
DEBUG:root:Number of non-zero pixels in binary array : 159
INFO:root:F:\imagews\training/Aurora_ISS027-E-11762.jpg 0.0929824561404
DEBUG:root:Number of non-zero pixels in binary array : 741
INFO:root:F:\imagews\training/Aurora_ISS027-E-11771.jpg 0.433333333333
DEBUG:root:Number of non-zero pixels in binary array : 2167
INFO:root:F:\imagews\training/Aurora_ISS027-E-11787.jpg 1.26725146199
DEBUG:root:Number of non-zero pixels in binary array : 2443
INFO:root:F:\imagews\training/Aurora_ISS027-E-11796.jpg 1.42865497076
DEBUG:root:Number of non-zero pixels in binary array : 290
INFO:root:F:\imagews\training/Aurora_ISS027-E-11754.jpg 0.169590643275
DEBUG:root:Number of non-zero pixels in binary array : 170
INFO:root:F:\imagews\training/Aurora_ISS027-E-11763.jpg 0.0994152046784
DEBUG:root:Number of non-zero pixels in binary array : 256
INFO:root:F:\imagews\training/Aurora_ISS027-E-11772.jpg 0.149707602339
DEBUG:root:Number of non-zero pixels in binary array : 2161
INFO:root:F:\imagews\training/Aurora_ISS027-E-11788.jpg 1.26374269006
DEBUG:root:Number of non-zero pixels in binary array : 2633
INFO:root:F:\imagews\training/Aurora_ISS027-E-11797.jpg 1.53976608187
DEBUG:root:Number of non-zero pixels in binary array : 280
INFO:root:F:\imagews\training/Aurora_ISS027-E-11755.jpg 0.163742690058
DEBUG:root:Number of non-zero pixels in binary array : 661
INFO:root:F:\imagews\training/Aurora_ISS027-E-11764.jpg 0.386549707602
DEBUG:root:Number of non-zero pixels in binary array : 248
INFO:root:F:\imagews\training/Aurora_ISS027-E-11773.jpg 0.145029239766
DEBUG:root:Number of non-zero pixels in binary array : 1175
INFO:root:F:\imagews\training/Aurora_ISS027-E-11789.jpg 0.687134502924
DEBUG:root:Number of non-zero pixels in binary array : 552
INFO:root:F:\imagews\training/Aurora_ISS027-E-11798.jpg 0.322807017544
DEBUG:root:Number of non-zero pixels in binary array : 151
INFO:root:F:\imagews\training/Aurora_ISS027-E-11756.jpg 0.0883040935673
DEBUG:root:Number of non-zero pixels in binary array : 744
INFO:root:F:\imagews\training/Aurora_ISS027-E-11765.jpg 0.435087719298
DEBUG:root:Number of non-zero pixels in binary array : 264
INFO:root:F:\imagews\training/Aurora_ISS027-E-11774.jpg 0.154385964912
DEBUG:root:Number of non-zero pixels in binary array : 1031
INFO:root:F:\imagews\training/Aurora_ISS027-E-11790.jpg 0.602923976608
DEBUG:root:Number of non-zero pixels in binary array : 585
INFO:root:F:\imagews\training/Aurora_ISS027-E-11799.jpg 0.342105263158
DEBUG:root:Number of non-zero pixels in binary array : 1
INFO:root:F:\imagews\training/Limbnight_ISS027-E-8622.jpg 0.000584795321637
DEBUG:root:Number of non-zero pixels in binary array : 0
INFO:root:F:\imagews\training/Limbnight_ISS027-E-8623.jpg 0.0
DEBUG:root:Number of non-zero pixels in binary array : 9
INFO:root:F:\imagews\training/Limbnight_ISS027-E-8624.jpg 0.00526315789474
DEBUG:root:Number of non-zero pixels in binary array : 0
INFO:root:F:\imagews\training/Limbnight_ISS027-E-8625.jpg 0.0
DEBUG:root:Number of non-zero pixels in binary array : 0
INFO:root:F:\imagews\training/Limbnight_ISS037-E-5983.jpg 0.0
DEBUG:root:Number of non-zero pixels in binary array : 0
INFO:root:F:\imagews\training/Limbnight_ISS037-E-5984.jpg 0.0
DEBUG:root:Number of non-zero pixels in binary array : 1
INFO:root:F:\imagews\training/Limbnight_ISS037-E-5985.jpg 0.000602409638554
DEBUG:root:Number of non-zero pixels in binary array : 0
INFO:root:F:\imagews\training/Limbnight_ISS037-E-5986.jpg 0.0
DEBUG:root:Number of non-zero pixels in binary array : 0
INFO:root:F:\imagews\training/Limbnight_ISS037-E-5987.jpg 0.0
DEBUG:root:Number of non-zero pixels in binary array : 0
INFO:root:F:\imagews\training/Limbnight_ISS037-E-5988.jpg 0.0
DEBUG:root:Number of non-zero pixels in binary array : 0
INFO:root:F:\imagews\training/Limbnight_ISS037-E-5989.jpg 0.0
DEBUG:root:Number of non-zero pixels in binary array : 0
INFO:root:F:\imagews\training/Limbnight_ISS037-E-5990.jpg 0.0
DEBUG:root:Number of non-zero pixels in binary array : 1
INFO:root:F:\imagews\training/Limbnight_ISS037-E-5991.jpg 0.000602409638554
DEBUG:root:Number of non-zero pixels in binary array : 0
INFO:root:F:\imagews\training/Limbnight_ISS037-E-5992.jpg 0.0
DEBUG:root:Number of non-zero pixels in binary array : 0
INFO:root:F:\imagews\training/Limbnight_ISS037-E-5993.jpg 0.0
DEBUG:root:Number of non-zero pixels in binary array : 0
INFO:root:F:\imagews\training/Limbnight_ISS037-E-5994.jpg 0.0
DEBUG:root:Number of non-zero pixels in binary array : 0
INFO:root:F:\imagews\training/Limbnight_ISS037-E-8838.jpg 0.0
DEBUG:root:Number of non-zero pixels in binary array : 0
INFO:root:F:\imagews\training/Limbnight_ISS037-E-8839.jpg 0.0
DEBUG:root:Number of non-zero pixels in binary array : 0
INFO:root:F:\imagews\training/Limbnight_ISS037-E-8840.jpg 0.0
DEBUG:root:Number of non-zero pixels in binary array : 0
INFO:root:F:\imagews\training/Limbnight_ISS037-E-8841.jpg 0.0
DEBUG:root:Number of non-zero pixels in binary array : 0
INFO:root:F:\imagews\training/Limbnight_ISS037-E-8842.jpg 0.0
DEBUG:root:Number of non-zero pixels in binary array : 0
INFO:root:F:\imagews\training/Limbnight_ISS037-E-8843.jpg 0.0
DEBUG:root:Number of non-zero pixels in binary array : 0
INFO:root:F:\imagews\training/Limbnight_ISS037-E-8844.jpg 0.0
DEBUG:root:Number of non-zero pixels in binary array : 0
INFO:root:F:\imagews\training/Limbnight_ISS037-E-8845.jpg 0.0
DEBUG:root:Number of non-zero pixels in binary array : 0
INFO:root:F:\imagews\training/Limbnight_ISS037-E-8846.jpg 0.0
DEBUG:root:Number of non-zero pixels in binary array : 0
INFO:root:F:\imagews\training/Limbnight_ISS037-E-8847.jpg 0.0
DEBUG:root:Number of non-zero pixels in binary array : 0
INFO:root:F:\imagews\training/Limbnight_ISS037-E-8848.jpg 0.0
DEBUG:root:Number of non-zero pixels in binary array : 0
INFO:root:F:\imagews\training/Limbnight_ISS037-E-8849.jpg 0.0
DEBUG:root:Number of non-zero pixels in binary array : 0
INFO:root:F:\imagews\training/Limbnight_ISS037-E-8850.jpg 0.0
DEBUG:root:Number of non-zero pixels in binary array : 0
INFO:root:F:\imagews\training/Limbnight_ISS037-E-8851.jpg 0.0
DEBUG:root:Number of non-zero pixels in binary array : 0
INFO:root:F:\imagews\training/Limbnight_ISS037-E-8852.jpg 0.0
DEBUG:root:Number of non-zero pixels in binary array : 0
INFO:root:F:\imagews\training/Limbnight_ISS037-E-8853.jpg 0.0
DEBUG:root:Number of non-zero pixels in binary array : 0
INFO:root:F:\imagews\training/Limbnight_ISS037-E-8854.jpg 0.0
DEBUG:root:Number of non-zero pixels in binary array : 0
INFO:root:F:\imagews\training/Limbnight_ISS037-E-8855.jpg 0.0
DEBUG:root:Number of non-zero pixels in binary array : 0
INFO:root:F:\imagews\training/Limbnight_ISS037-E-8856.jpg 0.0
DEBUG:root:Number of non-zero pixels in binary array : 0
INFO:root:F:\imagews\training/Limbnight_ISS037-E-8857.jpg 0.0
DEBUG:root:Number of non-zero pixels in binary array : 0
INFO:root:F:\imagews\training/Limbnight_ISS037-E-8858.jpg 0.0
DEBUG:root:Number of non-zero pixels in binary array : 0
INFO:root:F:\imagews\training/Limbnight_ISS037-E-8859.jpg 0.0
DEBUG:root:Number of non-zero pixels in binary array : 0
INFO:root:F:\imagews\training/Limbnight_ISS037-E-8860.jpg 0.0
DEBUG:root:Number of non-zero pixels in binary array : 0
INFO:root:F:\imagews\training/Limbnight_ISS037-E-8861.jpg 0.0
DEBUG:root:Number of non-zero pixels in binary array : 0
INFO:root:F:\imagews\training/Limbnight_ISS037-E-8862.jpg 0.0
DEBUG:root:Number of non-zero pixels in binary array : 0
INFO:root:F:\imagews\training/Limbnight_ISS037-E-8863.jpg 0.0
DEBUG:root:Number of non-zero pixels in binary array : 0
INFO:root:F:\imagews\training/Limbnight_ISS037-E-8864.jpg 0.0
DEBUG:root:Number of non-zero pixels in binary array : 0
INFO:root:F:\imagews\training/Limbnight_ISS037-E-8865.jpg 0.0
DEBUG:root:Number of non-zero pixels in binary array : 0
INFO:root:F:\imagews\training/Limbnight_ISS037-E-8866.jpg 0.0
DEBUG:root:Number of non-zero pixels in binary array : 0
INFO:root:F:\imagews\training/Limbnight_ISS037-E-8867.jpg 0.0
DEBUG:root:Number of non-zero pixels in binary array : 0
INFO:root:F:\imagews\training/Limbnight_ISS037-E-8868.jpg 0.0
DEBUG:root:Number of non-zero pixels in binary array : 0
INFO:root:F:\imagews\training/Limbnight_ISS037-E-8869.jpg 0.0
DEBUG:root:Number of non-zero pixels in binary array : 0
INFO:root:F:\imagews\training/Limbnight_ISS037-E-8870.jpg 0.0
DEBUG:root:Number of non-zero pixels in binary array : 0
INFO:root:F:\imagews\training/Limbnight_ISS037-E-8871.jpg 0.0
DEBUG:root:Number of non-zero pixels in binary array : 0
INFO:root:F:\imagews\training/Limbnight_ISS037-E-8872.jpg 0.0
DEBUG:root:Number of non-zero pixels in binary array : 0
INFO:root:F:\imagews\training/Limbnight_ISS037-E-8932.jpg 0.0
DEBUG:root:Number of non-zero pixels in binary array : 0
INFO:root:F:\imagews\training/Limbnight_ISS037-E-8933.jpg 0.0
DEBUG:root:Number of non-zero pixels in binary array : 0
INFO:root:F:\imagews\training/Limbnight_ISS037-E-8934.jpg 0.0
DEBUG:root:Number of non-zero pixels in binary array : 0
INFO:root:F:\imagews\training/Limbnight_ISS037-E-8935.jpg 0.0
DEBUG:root:Number of non-zero pixels in binary array : 0
INFO:root:F:\imagews\training/Limbnight_ISS037-E-8936.jpg 0.0
DEBUG:root:Number of non-zero pixels in binary array : 0
INFO:root:F:\imagews\training/Limbnight_ISS037-E-8937.jpg 0.0
DEBUG:root:Number of non-zero pixels in binary array : 0
INFO:root:F:\imagews\training/Limbnight_ISS037-E-8938.jpg 0.0
DEBUG:root:Number of non-zero pixels in binary array : 0
INFO:root:F:\imagews\training/Limbnight_ISS037-E-8939.jpg 0.0
DEBUG:root:Number of non-zero pixels in binary array : 0
INFO:root:F:\imagews\training/Limbnight_ISS037-E-8940.jpg 0.0
DEBUG:root:Number of non-zero pixels in binary array : 0
INFO:root:F:\imagews\training/Limbnight_ISS037-E-8941.jpg 0.0
DEBUG:root:Number of non-zero pixels in binary array : 0
INFO:root:F:\imagews\training/Limbnight_ISS037-E-8942.jpg 0.0
DEBUG:root:Number of non-zero pixels in binary array : 0
INFO:root:F:\imagews\training/Night_ISS026-E-24757.jpg 0.0
DEBUG:root:Number of non-zero pixels in binary array : 0
INFO:root:F:\imagews\training/Night_ISS026-E-24758.jpg 0.0
DEBUG:root:Number of non-zero pixels in binary array : 0
INFO:root:F:\imagews\training/Night_ISS026-E-24760.jpg 0.0
DEBUG:root:Number of non-zero pixels in binary array : 0
INFO:root:F:\imagews\training/Night_ISS026-E-24761.jpg 0.0
DEBUG:root:Number of non-zero pixels in binary array : 0
INFO:root:F:\imagews\training/Night_ISS026-E-24762.jpg 0.0
DEBUG:root:Number of non-zero pixels in binary array : 0
INFO:root:F:\imagews\training/Night_ISS026-E-24763.jpg 0.0
DEBUG:root:Number of non-zero pixels in binary array : 0
INFO:root:F:\imagews\training/Night_ISS026-E-24764.jpg 0.0
DEBUG:root:Number of non-zero pixels in binary array : 0
INFO:root:F:\imagews\training/Night_ISS026-E-24765.jpg 0.0
DEBUG:root:Number of non-zero pixels in binary array : 0
INFO:root:F:\imagews\training/Night_ISS026-E-24766.jpg 0.0
DEBUG:root:Number of non-zero pixels in binary array : 0
INFO:root:F:\imagews\training/Night_ISS026-E-24767.jpg 0.0
DEBUG:root:Number of non-zero pixels in binary array : 0
INFO:root:F:\imagews\training/Night_ISS026-E-24768.jpg 0.0
DEBUG:root:Number of non-zero pixels in binary array : 0
INFO:root:F:\imagews\training/Night_ISS026-E-24773.jpg 0.0
DEBUG:root:Number of non-zero pixels in binary array : 0
INFO:root:F:\imagews\training/Night_ISS026-E-24774.jpg 0.0
DEBUG:root:Number of non-zero pixels in binary array : 0
INFO:root:F:\imagews\training/Night_ISS026-E-24775.jpg 0.0
DEBUG:root:Number of non-zero pixels in binary array : 0
INFO:root:F:\imagews\training/Night_ISS026-E-24776.jpg 0.0
DEBUG:root:Number of non-zero pixels in binary array : 0
INFO:root:F:\imagews\training/Night_ISS026-E-24777.jpg 0.0
DEBUG:root:Number of non-zero pixels in binary array : 0
INFO:root:F:\imagews\training/Night_ISS026-E-24778.jpg 0.0
DEBUG:root:Number of non-zero pixels in binary array : 1
INFO:root:F:\imagews\training/Limbnight_ISS027-E-8622.jpg 0.000584795321637
DEBUG:root:Number of non-zero pixels in binary array : 0
INFO:root:F:\imagews\training/Limbnight_ISS027-E-8623.jpg 0.0
DEBUG:root:Number of non-zero pixels in binary array : 9
INFO:root:F:\imagews\training/Limbnight_ISS027-E-8624.jpg 0.00526315789474
DEBUG:root:Number of non-zero pixels in binary array : 0
INFO:root:F:\imagews\training/Limbnight_ISS027-E-8625.jpg 0.0
DEBUG:root:Number of non-zero pixels in binary array : 0
INFO:root:F:\imagews\training/Limbnight_ISS037-E-5983.jpg 0.0
DEBUG:root:Number of non-zero pixels in binary array : 0
INFO:root:F:\imagews\training/Limbnight_ISS037-E-5984.jpg 0.0
DEBUG:root:Number of non-zero pixels in binary array : 1
INFO:root:F:\imagews\training/Limbnight_ISS037-E-5985.jpg 0.000602409638554
DEBUG:root:Number of non-zero pixels in binary array : 0
INFO:root:F:\imagews\training/Limbnight_ISS037-E-5986.jpg 0.0
DEBUG:root:Number of non-zero pixels in binary array : 0
INFO:root:F:\imagews\training/Limbnight_ISS037-E-5987.jpg 0.0
DEBUG:root:Number of non-zero pixels in binary array : 0
INFO:root:F:\imagews\training/Limbnight_ISS037-E-5988.jpg 0.0
DEBUG:root:Number of non-zero pixels in binary array : 0
INFO:root:F:\imagews\training/Limbnight_ISS037-E-5989.jpg 0.0
DEBUG:root:Number of non-zero pixels in binary array : 0
INFO:root:F:\imagews\training/Limbnight_ISS037-E-5990.jpg 0.0
DEBUG:root:Number of non-zero pixels in binary array : 1
INFO:root:F:\imagews\training/Limbnight_ISS037-E-5991.jpg 0.000602409638554
DEBUG:root:Number of non-zero pixels in binary array : 0
INFO:root:F:\imagews\training/Limbnight_ISS037-E-5992.jpg 0.0
DEBUG:root:Number of non-zero pixels in binary array : 0
INFO:root:F:\imagews\training/Limbnight_ISS037-E-5993.jpg 0.0
DEBUG:root:Number of non-zero pixels in binary array : 0
INFO:root:F:\imagews\training/Limbnight_ISS037-E-5994.jpg 0.0
DEBUG:root:Number of non-zero pixels in binary array : 0
INFO:root:F:\imagews\training/Limbnight_ISS037-E-8838.jpg 0.0
DEBUG:root:Number of non-zero pixels in binary array : 0
INFO:root:F:\imagews\training/Limbnight_ISS037-E-8839.jpg 0.0
DEBUG:root:Number of non-zero pixels in binary array : 0
INFO:root:F:\imagews\training/Limbnight_ISS037-E-8840.jpg 0.0
DEBUG:root:Number of non-zero pixels in binary array : 0
INFO:root:F:\imagews\training/Limbnight_ISS037-E-8841.jpg 0.0
DEBUG:root:Number of non-zero pixels in binary array : 0
INFO:root:F:\imagews\training/Limbnight_ISS037-E-8842.jpg 0.0
DEBUG:root:Number of non-zero pixels in binary array : 0
INFO:root:F:\imagews\training/Limbnight_ISS037-E-8843.jpg 0.0
DEBUG:root:Number of non-zero pixels in binary array : 0
INFO:root:F:\imagews\training/Limbnight_ISS037-E-8844.jpg 0.0
DEBUG:root:Number of non-zero pixels in binary array : 0
INFO:root:F:\imagews\training/Limbnight_ISS037-E-8845.jpg 0.0
DEBUG:root:Number of non-zero pixels in binary array : 0
INFO:root:F:\imagews\training/Limbnight_ISS037-E-8846.jpg 0.0
DEBUG:root:Number of non-zero pixels in binary array : 0
INFO:root:F:\imagews\training/Limbnight_ISS037-E-8847.jpg 0.0
DEBUG:root:Number of non-zero pixels in binary array : 0
INFO:root:F:\imagews\training/Limbnight_ISS037-E-8848.jpg 0.0
DEBUG:root:Number of non-zero pixels in binary array : 0
INFO:root:F:\imagews\training/Limbnight_ISS037-E-8849.jpg 0.0
DEBUG:root:Number of non-zero pixels in binary array : 0
INFO:root:F:\imagews\training/Limbnight_ISS037-E-8850.jpg 0.0
DEBUG:root:Number of non-zero pixels in binary array : 0
INFO:root:F:\imagews\training/Limbnight_ISS037-E-8851.jpg 0.0
DEBUG:root:Number of non-zero pixels in binary array : 0
INFO:root:F:\imagews\training/Limbnight_ISS037-E-8852.jpg 0.0
DEBUG:root:Number of non-zero pixels in binary array : 0
INFO:root:F:\imagews\training/Limbnight_ISS037-E-8853.jpg 0.0
DEBUG:root:Number of non-zero pixels in binary array : 0
INFO:root:F:\imagews\training/Limbnight_ISS037-E-8854.jpg 0.0
DEBUG:root:Number of non-zero pixels in binary array : 0
INFO:root:F:\imagews\training/Limbnight_ISS037-E-8855.jpg 0.0
DEBUG:root:Number of non-zero pixels in binary array : 0
INFO:root:F:\imagews\training/Limbnight_ISS037-E-8856.jpg 0.0
DEBUG:root:Number of non-zero pixels in binary array : 0
INFO:root:F:\imagews\training/Limbnight_ISS037-E-8857.jpg 0.0
DEBUG:root:Number of non-zero pixels in binary array : 0
INFO:root:F:\imagews\training/Limbnight_ISS037-E-8858.jpg 0.0
DEBUG:root:Number of non-zero pixels in binary array : 0
INFO:root:F:\imagews\training/Limbnight_ISS037-E-8859.jpg 0.0
DEBUG:root:Number of non-zero pixels in binary array : 0
INFO:root:F:\imagews\training/Limbnight_ISS037-E-8860.jpg 0.0
DEBUG:root:Number of non-zero pixels in binary array : 0
INFO:root:F:\imagews\training/Limbnight_ISS037-E-8861.jpg 0.0
DEBUG:root:Number of non-zero pixels in binary array : 0
INFO:root:F:\imagews\training/Limbnight_ISS037-E-8862.jpg 0.0
DEBUG:root:Number of non-zero pixels in binary array : 0
INFO:root:F:\imagews\training/Limbnight_ISS037-E-8863.jpg 0.0
DEBUG:root:Number of non-zero pixels in binary array : 0
INFO:root:F:\imagews\training/Limbnight_ISS037-E-8864.jpg 0.0
DEBUG:root:Number of non-zero pixels in binary array : 0
INFO:root:F:\imagews\training/Limbnight_ISS037-E-8865.jpg 0.0
DEBUG:root:Number of non-zero pixels in binary array : 0
INFO:root:F:\imagews\training/Limbnight_ISS037-E-8866.jpg 0.0
DEBUG:root:Number of non-zero pixels in binary array : 0
INFO:root:F:\imagews\training/Limbnight_ISS037-E-8867.jpg 0.0
DEBUG:root:Number of non-zero pixels in binary array : 0
INFO:root:F:\imagews\training/Limbnight_ISS037-E-8868.jpg 0.0
DEBUG:root:Number of non-zero pixels in binary array : 0
INFO:root:F:\imagews\training/Limbnight_ISS037-E-8869.jpg 0.0
DEBUG:root:Number of non-zero pixels in binary array : 0
INFO:root:F:\imagews\training/Limbnight_ISS037-E-8870.jpg 0.0
DEBUG:root:Number of non-zero pixels in binary array : 0
INFO:root:F:\imagews\training/Limbnight_ISS037-E-8871.jpg 0.0
DEBUG:root:Number of non-zero pixels in binary array : 0
INFO:root:F:\imagews\training/Limbnight_ISS037-E-8872.jpg 0.0
DEBUG:root:Number of non-zero pixels in binary array : 0
INFO:root:F:\imagews\training/Limbnight_ISS037-E-8932.jpg 0.0
DEBUG:root:Number of non-zero pixels in binary array : 0
INFO:root:F:\imagews\training/Limbnight_ISS037-E-8933.jpg 0.0
DEBUG:root:Number of non-zero pixels in binary array : 0
INFO:root:F:\imagews\training/Limbnight_ISS037-E-8934.jpg 0.0
DEBUG:root:Number of non-zero pixels in binary array : 0
INFO:root:F:\imagews\training/Limbnight_ISS037-E-8935.jpg 0.0
DEBUG:root:Number of non-zero pixels in binary array : 0
INFO:root:F:\imagews\training/Limbnight_ISS037-E-8936.jpg 0.0
DEBUG:root:Number of non-zero pixels in binary array : 0
INFO:root:F:\imagews\training/Limbnight_ISS037-E-8937.jpg 0.0
DEBUG:root:Number of non-zero pixels in binary array : 0
INFO:root:F:\imagews\training/Limbnight_ISS037-E-8938.jpg 0.0
DEBUG:root:Number of non-zero pixels in binary array : 0
INFO:root:F:\imagews\training/Limbnight_ISS037-E-8939.jpg 0.0
DEBUG:root:Number of non-zero pixels in binary array : 0
INFO:root:F:\imagews\training/Limbnight_ISS037-E-8940.jpg 0.0
DEBUG:root:Number of non-zero pixels in binary array : 0
INFO:root:F:\imagews\training/Limbnight_ISS037-E-8941.jpg 0.0
DEBUG:root:Number of non-zero pixels in binary array : 0
INFO:root:F:\imagews\training/Limbnight_ISS037-E-8942.jpg 0.0
DEBUG:root:Number of non-zero pixels in binary array : 0
INFO:root:F:\imagews\training/Night_ISS026-E-24779.jpg 0.0
DEBUG:root:Number of non-zero pixels in binary array : 0
INFO:root:F:\imagews\training/Night_ISS026-E-24780.jpg 0.0
DEBUG:root:Number of non-zero pixels in binary array : 0
INFO:root:F:\imagews\training/Night_ISS026-E-24781.jpg 0.0
DEBUG:root:Number of non-zero pixels in binary array : 0
INFO:root:F:\imagews\training/Night_ISS026-E-24782.jpg 0.0
DEBUG:root:Number of non-zero pixels in binary array : 0
INFO:root:F:\imagews\training/Night_ISS026-E-24783.jpg 0.0
DEBUG:root:Number of non-zero pixels in binary array : 2
INFO:root:F:\imagews\training/Night_ISS026-E-24784.jpg 0.00116959064327
DEBUG:root:Number of non-zero pixels in binary array : 0
INFO:root:F:\imagews\training/Night_ISS026-E-24785.jpg 0.0
DEBUG:root:Number of non-zero pixels in binary array : 0
INFO:root:F:\imagews\training/Night_ISS026-E-24786.jpg 0.0
DEBUG:root:Number of non-zero pixels in binary array : 0
INFO:root:F:\imagews\training/Night_ISS026-E-24787.jpg 0.0
DEBUG:root:Number of non-zero pixels in binary array : 0
INFO:root:F:\imagews\training/Night_ISS026-E-24788.jpg 0.0
DEBUG:root:Number of non-zero pixels in binary array : 0
INFO:root:F:\imagews\training/Night_ISS026-E-24776.jpg 0.0
DEBUG:root:Number of non-zero pixels in binary array : 0
INFO:root:F:\imagews\training/Night_ISS026-E-24777.jpg 0.0
DEBUG:root:Number of non-zero pixels in binary array : 0
INFO:root:F:\imagews\training/Night_ISS026-E-24778.jpg 0.0
DEBUG:root:Number of non-zero pixels in binary array : 0
INFO:root:F:\imagews\training/Night_ISS026-E-24779.jpg 0.0
DEBUG:root:Number of non-zero pixels in binary array : 0
INFO:root:F:\imagews\training/Night_ISS026-E-24780.jpg 0.0
DEBUG:root:Number of non-zero pixels in binary array : 0
INFO:root:F:\imagews\training/Night_ISS026-E-24781.jpg 0.0
DEBUG:root:Number of non-zero pixels in binary array : 0
INFO:root:F:\imagews\training/Night_ISS026-E-24782.jpg 0.0
DEBUG:root:Number of non-zero pixels in binary array : 0
INFO:root:F:\imagews\training/Night_ISS026-E-24783.jpg 0.0
DEBUG:root:Number of non-zero pixels in binary array : 2
INFO:root:F:\imagews\training/Night_ISS026-E-24784.jpg 0.00116959064327
DEBUG:root:Number of non-zero pixels in binary array : 0
INFO:root:F:\imagews\training/Night_ISS026-E-24785.jpg 0.0
DEBUG:root:Number of non-zero pixels in binary array : 0
INFO:root:F:\imagews\training/Night_ISS026-E-24786.jpg 0.0
DEBUG:root:Number of non-zero pixels in binary array : 0
INFO:root:F:\imagews\training/Night_ISS026-E-24787.jpg 0.0
DEBUG:root:Number of non-zero pixels in binary array : 0
INFO:root:F:\imagews\training/Night_ISS026-E-24788.jpg 0.0
DEBUG:root:Number of non-zero pixels in binary array : 0
INFO:root:F:\imagews\training/Night_ISS026-E-24913.jpg 0.0
DEBUG:root:Number of non-zero pixels in binary array : 0
INFO:root:F:\imagews\training/Night_ISS026-E-24914.jpg 0.0
DEBUG:root:Number of non-zero pixels in binary array : 0
INFO:root:F:\imagews\training/Night_ISS026-E-24915.jpg 0.0
DEBUG:root:Number of non-zero pixels in binary array : 0
INFO:root:F:\imagews\training/Night_ISS026-E-24916.jpg 0.0
DEBUG:root:Number of non-zero pixels in binary array : 0
INFO:root:F:\imagews\training/Night_ISS026-E-24917.jpg 0.0
DEBUG:root:Number of non-zero pixels in binary array : 0
INFO:root:F:\imagews\training/Night_ISS026-E-24918.jpg 0.0
DEBUG:root:Number of non-zero pixels in binary array : 0
INFO:root:F:\imagews\training/Night_ISS026-E-24919.jpg 0.0
DEBUG:root:Number of non-zero pixels in binary array : 0
INFO:root:F:\imagews\training/Night_ISS026-E-24920.jpg 0.0
DEBUG:root:Number of non-zero pixels in binary array : 0
INFO:root:F:\imagews\training/Night_ISS026-E-24921.jpg 0.0
DEBUG:root:Number of non-zero pixels in binary array : 0
INFO:root:F:\imagews\training/Night_ISS026-E-24922.jpg 0.0
DEBUG:root:Number of non-zero pixels in binary array : 0
INFO:root:F:\imagews\training/Night_ISS026-E-24923.jpg 0.0
DEBUG:root:Number of non-zero pixels in binary array : 0
INFO:root:F:\imagews\training/Night_ISS026-E-24924.jpg 0.0
DEBUG:root:Number of non-zero pixels in binary array : 0
INFO:root:F:\imagews\training/Night_ISS026-E-24925.jpg 0.0
DEBUG:root:Number of non-zero pixels in binary array : 0
INFO:root:F:\imagews\training/Night_ISS026-E-24926.jpg 0.0
DEBUG:root:Number of non-zero pixels in binary array : 0
INFO:root:F:\imagews\training/Night_ISS026-E-24927.jpg 0.0
DEBUG:root:Number of non-zero pixels in binary array : 0
INFO:root:F:\imagews\training/Night_ISS026-E-24928.jpg 0.0
DEBUG:root:Number of non-zero pixels in binary array : 0
INFO:root:F:\imagews\training/Night_ISS026-E-24931.jpg 0.0
DEBUG:root:Number of non-zero pixels in binary array : 0
INFO:root:F:\imagews\training/Night_ISS026-E-24932.jpg 0.0
DEBUG:root:Number of non-zero pixels in binary array : 0
INFO:root:F:\imagews\training/Night_ISS026-E-24933.jpg 0.0
DEBUG:root:Number of non-zero pixels in binary array : 0
INFO:root:F:\imagews\training/Night_ISS026-E-24934.jpg 0.0
DEBUG:root:Number of non-zero pixels in binary array : 0
INFO:root:F:\imagews\training/Night_ISS026-E-24935.jpg 0.0
