INFO:root:training image : images/training\cloud\cloud1.jpg
DEBUG:root:lbpHist = [ 0.01179475  0.00795181  0.006733    0.00749937  0.00816602  0.0111558
  0.01517049  0.02281021  0.030991    0.04649389  0.06239012  0.08274055
  0.08767673  0.08098435  0.0584493   0.04367216  0.03042961  0.02229129
  0.01659058  0.01303203  0.01001455  0.00816602  0.00872926  0.01032849
  0.01630435  0.27943425]
INFO:root:training image : images/training\cloud\cloud10.jpg
DEBUG:root:lbpHist = [ 0.02602173  0.01580442  0.01074207  0.01083467  0.01281022  0.01728608
  0.02398444  0.03043586  0.03626991  0.04654896  0.05735276  0.06253859
  0.05951352  0.06324855  0.04744413  0.0376281   0.02577479  0.02333621
  0.01710088  0.01531053  0.01247068  0.00842697  0.00750093  0.00975429
  0.01947771  0.30238301]
INFO:root:training image : images/training\cloud\cloud11.jpg
DEBUG:root:lbpHist = [ 0.0192926   0.01744412  0.0097861   0.01102878  0.00952203  0.01025211
  0.01025211  0.01311027  0.01511409  0.02236824  0.0287525   0.04170744
  0.04630536  0.06050297  0.0345931   0.02900104  0.01811206  0.01711791
  0.01062491  0.01037638  0.0091337   0.01178992  0.01561117  0.02258571
  0.04343166  0.4621837 ]
INFO:root:training image : images/training\cloud\cloud12.jpg
DEBUG:root:lbpHist = [ 0.03249788  0.01193005  0.01288587  0.01398329  0.0190102   0.02063863
  0.02722317  0.03568394  0.04648117  0.05472954  0.06173888  0.07434155
  0.0675446   0.06924384  0.04903002  0.03210847  0.02428491  0.01982441
  0.01975361  0.01755877  0.01968281  0.01600113  0.0094874   0.00644293
  0.01582413  0.22206882]
INFO:root:training image : images/training\cloud\cloud13.jpg
DEBUG:root:lbpHist = [ 0.0231507   0.00986661  0.0101514   0.01183258  0.01427627  0.0192555
  0.02410613  0.03331129  0.04148752  0.05320068  0.06621835  0.08104582
  0.08291074  0.07393525  0.05566273  0.04342594  0.03356852  0.02833205
  0.02376621  0.0198159   0.01444163  0.01061992  0.00774446  0.00663286
  0.01159372  0.19964723]
INFO:root:training image : images/training\cloud\cloud14.jpg
DEBUG:root:lbpHist = [ 0.02220289  0.00989519  0.01145343  0.01490212  0.01749654  0.02122207
  0.02490805  0.03103026  0.03786435  0.04715839  0.06226617  0.07632193
  0.07892426  0.07100653  0.05499703  0.04389955  0.03330038  0.02819063
  0.02391141  0.02079494  0.01515523  0.01108958  0.00814712  0.00765671
  0.01666601  0.20953925]
INFO:root:training image : images/training\cloud\cloud15.jpg
DEBUG:root:lbpHist = [ 0.03007609  0.0139424   0.01420728  0.01704874  0.02068484  0.02393566
  0.02665671  0.02648815  0.03012425  0.03799846  0.0549268   0.07072337
  0.07411867  0.0688692   0.04543922  0.03301387  0.02506742  0.02429686
  0.02184069  0.02029956  0.01541129  0.01240127  0.00941533  0.00915045
  0.01943267  0.25443075]
INFO:root:training image : images/training\cloud\cloud16.jpg
DEBUG:root:lbpHist = [ 0.02986202  0.01995643  0.01757444  0.01908497  0.0194626   0.02196078
  0.02428468  0.03009441  0.03183733  0.03645606  0.04357298  0.05019608
  0.04717502  0.04798838  0.03497458  0.03087872  0.02922295  0.02980392
  0.02663762  0.02306463  0.01681917  0.01333333  0.00993464  0.00819172
  0.02501089  0.31262164]
INFO:root:training image : images/training\cloud\cloud17.jpg
DEBUG:root:lbpHist = [ 0.01667852  0.0127845   0.00795824  0.00775757  0.00878378  0.01146363
  0.01373197  0.02057255  0.02546484  0.03352215  0.04159978  0.05178825
  0.05293385  0.05356381  0.04036273  0.03348151  0.02427098  0.02107803
  0.01535257  0.01295214  0.01074985  0.0113798   0.01217232  0.01653881
  0.02630817  0.41674964]
INFO:root:training image : images/training\cloud\cloud18.jpg
DEBUG:root:lbpHist = [ 0.03133114  0.0183919   0.01517512  0.01569442  0.01464139  0.01664647
  0.01922855  0.02319543  0.02452253  0.02812879  0.03601927  0.04343373
  0.04331833  0.04424153  0.03411517  0.03029254  0.02508511  0.02488316
  0.02059893  0.01859385  0.01529052  0.01407882  0.01262189  0.01428077
  0.02851826  0.38767238]
INFO:root:training image : images/training\cloud\cloud19.jpg
DEBUG:root:lbpHist = [ 0.039055    0.03422486  0.01677356  0.01019608  0.00669743  0.00530396
  0.00407643  0.00474218  0.0047002   0.00603968  0.00662945  0.00920447
  0.01010212  0.01133565  0.00784299  0.007823    0.00610566  0.00713126
  0.00683737  0.0088586   0.01234326  0.01951251  0.0294147   0.03227561
  0.05190007  0.6408739 ]
INFO:root:training image : images/training\cloud\cloud2.jpg
DEBUG:root:lbpHist = [ 0.01240802  0.00860065  0.00731817  0.00767619  0.00845103  0.01224771
  0.01526956  0.02213352  0.02989788  0.04326242  0.05641589  0.07412484
  0.07746731  0.07402331  0.05540059  0.04300325  0.02997269  0.02390762
  0.01759406  0.01479397  0.01111752  0.01066331  0.01056178  0.01214351
  0.02085371  0.30069147]
INFO:root:training image : images/training\cloud\cloud20.jpg
DEBUG:root:lbpHist = [ 0.01801863  0.01146435  0.00931278  0.01034682  0.01208414  0.01651574
  0.01962107  0.02506101  0.02901734  0.03870263  0.04799294  0.05899165
  0.06343288  0.06486834  0.05161207  0.04277778  0.0322158   0.02655427
  0.0209955   0.01949583  0.01675016  0.01522158  0.01278741  0.01272319
  0.02591522  0.29752087]
INFO:root:training image : images/training\cloud\cloud21.jpg
DEBUG:root:lbpHist = [ 0.02036442  0.01840793  0.01216421  0.01381446  0.01243641  0.01393355
  0.01238538  0.01764236  0.01614522  0.01946273  0.01791456  0.02420933
  0.02131714  0.04038857  0.02215077  0.02458361  0.01898637  0.02233791
  0.0151925   0.01813573  0.01633236  0.02056857  0.02315453  0.03339628
  0.05454329  0.47003181]
INFO:root:training image : images/training\cloud\cloud22.jpg
DEBUG:root:lbpHist = [ 0.02045335  0.01571503  0.01020287  0.00991714  0.00942902  0.01077432
  0.01111958  0.01529835  0.01547693  0.02125101  0.02262012  0.03100148
  0.02688223  0.04353779  0.02872756  0.03308491  0.02677508  0.02794181
  0.01976285  0.02184628  0.01884614  0.02266775  0.02488214  0.03377542
  0.07732511  0.40068575]
INFO:root:training image : images/training\cloud\cloud23.jpg
DEBUG:root:lbpHist = [ 0.01816239  0.01206265  0.00933645  0.00969959  0.01127847  0.01364679
  0.01708349  0.02255694  0.02984085  0.03995095  0.0502242   0.06511305
  0.06642352  0.06610774  0.05247674  0.04390868  0.03422487  0.0283567
  0.0225201   0.02003074  0.01467307  0.01298893  0.01127321  0.01059429
  0.02255168  0.2949139 ]
INFO:root:training image : images/training\cloud\cloud3.jpg
DEBUG:root:lbpHist = [ 0.01431681  0.0094063   0.00710557  0.00799311  0.00971007  0.01267645
  0.01604169  0.02368085  0.03122491  0.0441206   0.05833967  0.07471419
  0.07881641  0.074944    0.05359558  0.040338    0.02866267  0.02181596
  0.01690017  0.01450964  0.01139798  0.00906291  0.00919498  0.01057119
  0.01757903  0.30328124]
INFO:root:training image : images/training\cloud\cloud4.jpg
DEBUG:root:lbpHist = [ 0.01471088  0.00954445  0.00761825  0.00780866  0.00861282  0.01140455
  0.01429071  0.02086874  0.02658912  0.0374177   0.04693382  0.05993567
  0.06150936  0.06221595  0.04623667  0.0376569   0.02846968  0.02382886
  0.01820448  0.015984    0.01250456  0.01254863  0.01391302  0.0164388
  0.02729098  0.35746277]
INFO:root:training image : images/training\cloud\cloud5.jpg
DEBUG:root:lbpHist = [ 0.03599527  0.01865035  0.01818039  0.01714475  0.01719696  0.01667479
  0.01723178  0.01955545  0.02431595  0.02946808  0.03671761  0.04223526
  0.04264429  0.0429663   0.03361937  0.02788415  0.02154842  0.01862424
  0.01712734  0.01573487  0.01394207  0.01249739  0.01207095  0.01556952
  0.02197487  0.41042958]
INFO:root:training image : images/training\cloud\cloud6.jpg
DEBUG:root:lbpHist = [ 0.04781323  0.02670541  0.0219972   0.01706125  0.01290202  0.01100339
  0.00944758  0.00932532  0.00982874  0.01076846  0.01241298  0.01403352
  0.01394962  0.01414859  0.01052394  0.01019312  0.00818422  0.00816025
  0.0079445   0.00893696  0.01072531  0.0138825   0.0192068   0.02816773
  0.04177934  0.60089801]
INFO:root:training image : images/training\cloud\cloud7.jpg
DEBUG:root:lbpHist = [ 0.04645146  0.02638734  0.01924423  0.01533041  0.01263869  0.01215914
  0.01160223  0.01132764  0.01114974  0.01164864  0.01199284  0.01217847
  0.01209339  0.01276632  0.00945582  0.00928565  0.00747184  0.00809449
  0.0069652   0.00817184  0.00915803  0.01253427  0.01744975  0.02824756
  0.04121885  0.61497616]
INFO:root:training image : images/training\cloud\cloud8.jpg
DEBUG:root:lbpHist = [ 0.0486827   0.01964189  0.02153494  0.02246337  0.02214385  0.01981672
  0.0191837   0.01931633  0.02072708  0.0247483   0.02800386  0.03122325
  0.03321276  0.03097607  0.02414542  0.02170977  0.01771267  0.01651896
  0.01591608  0.01656719  0.01672997  0.01770664  0.0178453   0.01903901
  0.03517815  0.41925604]
INFO:root:training image : images/training\cloud\cloud9.jpg
DEBUG:root:lbpHist = [ 0.04226073  0.01715507  0.01886447  0.0194374   0.02034845  0.01994928
  0.02156476  0.02417113  0.026167    0.02963746  0.03231427  0.03562036
  0.03409411  0.0311684   0.0259181   0.02324598  0.01939513  0.01876115
  0.01610782  0.0164976   0.01673241  0.01768104  0.01668076  0.01792054
  0.03449798  0.40380858]
INFO:root:training image : images/training\no_cloud\other1.jpg
DEBUG:root:lbpHist = [ 0.03466334  0.0236609   0.01567679  0.01236476  0.01173669  0.0117254
  0.01130292  0.01250483  0.01393266  0.01654433  0.01945196  0.02248836
  0.02419408  0.02175637  0.01651948  0.01365026  0.01092789  0.01046249
  0.00932158  0.01011457  0.01072682  0.01285727  0.0168177   0.02862442
  0.04097337  0.56700081]
INFO:root:training image : images/training\no_cloud\other10.jpg
DEBUG:root:lbpHist = [ 0.0419254   0.02635585  0.02242692  0.01965348  0.01642389  0.01344506
  0.01125756  0.01074723  0.01115171  0.0131943   0.01662298  0.0225504
  0.02677293  0.02290701  0.01540071  0.01107485  0.0081754   0.00752268
  0.00761467  0.00964718  0.01231981  0.01790323  0.02499118  0.02990423
  0.03786542  0.54214592]
INFO:root:training image : images/training\no_cloud\other11.jpg
DEBUG:root:lbpHist = [ 0.03906666  0.03024658  0.01938431  0.01335707  0.01026066  0.00870141
  0.00798112  0.00832885  0.00930303  0.01102234  0.01362476  0.0166715
  0.01927668  0.01699438  0.01222834  0.01074085  0.00811911  0.00825158
  0.00670337  0.00778794  0.0085855   0.01228353  0.01813691  0.02791461
  0.03705206  0.61797685]
INFO:root:training image : images/training\no_cloud\other12.jpg
DEBUG:root:lbpHist = [ 0.04703297  0.03764249  0.02358674  0.01309646  0.0079553   0.00573884
  0.00434862  0.0039814   0.00400013  0.00460531  0.00583064  0.00741009
  0.00777169  0.00823447  0.0062597   0.00658008  0.00505872  0.00568637
  0.00572947  0.00738011  0.00971087  0.01581505  0.02466406  0.03518245
  0.05112491  0.64557306]
INFO:root:training image : images/training\no_cloud\other13.jpg
DEBUG:root:lbpHist = [ 0.03810401  0.03148208  0.01557806  0.00986109  0.00774572  0.0067587
  0.00633699  0.00630964  0.00665612  0.00782322  0.00946446  0.01273553
  0.01575586  0.01325753  0.00912481  0.00755424  0.00583094  0.00606345
  0.00498525  0.00544571  0.00588109  0.0087373   0.01505605  0.0315573
  0.03767546  0.67421939]
INFO:root:training image : images/training\no_cloud\other14.jpg
DEBUG:root:lbpHist = [ 0.04247003  0.03186712  0.01405069  0.00912343  0.00659491  0.00523224
  0.00430649  0.00401016  0.00443626  0.00513058  0.00678526  0.00829285
  0.00886388  0.0083599   0.00525819  0.00455523  0.00321418  0.00353647
  0.00269507  0.00352132  0.00434542  0.00721352  0.0150435   0.04107275
  0.05221424  0.69780631]
INFO:root:training image : images/training\no_cloud\other15.jpg
DEBUG:root:lbpHist = [ 0.01867863  0.01364927  0.00883767  0.00990576  0.01077424  0.01160641
  0.01126421  0.01548472  0.01635838  0.02210844  0.02584158  0.04222329
  0.04676786  0.05729322  0.04117334  0.03879866  0.02843921  0.02837959
  0.0223288   0.02388946  0.01976227  0.02212918  0.02217325  0.02805294
  0.05552776  0.35855186]
INFO:root:training image : images/training\no_cloud\other16.jpg
DEBUG:root:lbpHist = [ 0.03119143  0.02398209  0.01736766  0.01334399  0.01047177  0.0102095
  0.00899408  0.01015193  0.01221814  0.01657444  0.02226771  0.0339549
  0.04275708  0.03764593  0.02345114  0.01737406  0.01222453  0.01106669
  0.00803454  0.00798337  0.00830961  0.01139293  0.01675996  0.02171118
  0.03198465  0.53857668]
INFO:root:training image : images/training\no_cloud\other17.jpg
DEBUG:root:lbpHist = [ 0.03909393  0.03021238  0.01915091  0.01298239  0.01004921  0.0087909
  0.00799447  0.00810023  0.00822326  0.00961107  0.01160969  0.01547095
  0.0172969   0.01734654  0.01227661  0.01058879  0.00837866  0.00813908
  0.00721747  0.00859449  0.01012475  0.01422775  0.0224618   0.03116852
  0.03766727  0.61322196]
INFO:root:training image : images/training\no_cloud\other18.jpg
DEBUG:root:lbpHist = [ 0.02795455  0.01858993  0.01054741  0.00719697  0.00536168  0.00513196
  0.00475073  0.00609971  0.0061999   0.0083871   0.00859238  0.01525171
  0.02494379  0.03304252  0.01504154  0.01865591  0.01381232  0.01999267
  0.01312072  0.01849218  0.01830156  0.02726295  0.03652981  0.05754643
  0.15260508  0.42658847]
INFO:root:training image : images/training\no_cloud\other19.jpg
DEBUG:root:lbpHist = [ 0.06102589  0.03305146  0.02485087  0.01655523  0.01098984  0.00883317
  0.00756801  0.00656178  0.00580465  0.00604392  0.00578499  0.00640446
  0.00668633  0.00775811  0.00583415  0.00656178  0.00554572  0.00734513
  0.0073943   0.00897411  0.01164536  0.01704687  0.02356932  0.03048181
  0.05440511  0.61327761]
INFO:root:training image : images/training\no_cloud\other20.jpg
DEBUG:root:lbpHist = [ 0.04014455  0.02799238  0.0181894   0.01163288  0.0076375   0.00639755
  0.00593478  0.00629864  0.00621032  0.00785652  0.009425    0.0129682
  0.01470625  0.01643722  0.00952038  0.00824864  0.00610081  0.00700163
  0.0061432   0.00760217  0.00801549  0.01250896  0.02107554  0.03789075
  0.05328232  0.6307789 ]
INFO:root:training image : images/training\no_cloud\other21.jpg
DEBUG:root:lbpHist = [ 0.03397663  0.02508795  0.01580002  0.01098657  0.00822957  0.00712602
  0.00627104  0.00731057  0.00706199  0.00944988  0.00985288  0.01264378
  0.01258729  0.0170128   0.0110167   0.01176245  0.00856854  0.01056097
  0.00850452  0.01120502  0.01162686  0.01679811  0.02613877  0.03838331
  0.06540342  0.59663435]
INFO:root:training image : images/training\no_cloud\other22.jpg
DEBUG:root:lbpHist = [ 0.03823263  0.03065307  0.01541312  0.01072569  0.00917283  0.0075507
  0.00641925  0.00635575  0.00693302  0.00837042  0.01201877  0.01698907
  0.02305619  0.02216719  0.0162848   0.01233627  0.00868792  0.00785665
  0.00722743  0.00772965  0.00856669  0.01010223  0.01470308  0.02916948
  0.0357215   0.62755659]
INFO:root:training image : images/training\no_cloud\other23.jpg
DEBUG:root:lbpHist = [ 0.04415811  0.03243314  0.0172678   0.01153054  0.00914468  0.00766835
  0.00668303  0.0062777   0.0059943   0.00607339  0.00604043  0.00629747
  0.00611623  0.00634361  0.00490023  0.00480467  0.00347663  0.00420491
  0.00286039  0.00330197  0.00339095  0.00610634  0.01167883  0.03544183
  0.0412417   0.70656275]
INFO:root:training image : images/training\no_cloud\other3.jpg
DEBUG:root:lbpHist = [ 0.02375773  0.0154575   0.01489629  0.01459614  0.01334782  0.0140939
  0.01566356  0.01888771  0.02178786  0.02701899  0.03452146  0.05557385
  0.07150311  0.06377867  0.03783307  0.0294043   0.02294142  0.02017048
  0.01729154  0.01623538  0.01453452  0.0147651   0.01569007  0.01732732
  0.03024181  0.35868039]
INFO:root:training image : images/training\no_cloud\other4.jpg
DEBUG:root:lbpHist = [ 0.03717414  0.02612574  0.01991376  0.01446879  0.01024936  0.00789942
  0.00628785  0.00678683  0.00693686  0.00900696  0.01080902  0.014988
  0.01600956  0.0192698   0.015047    0.01405915  0.01132992  0.01202951
  0.01059662  0.01374054  0.01670072  0.02279976  0.0287218   0.03559628
  0.06402476  0.54942786]
INFO:root:training image : images/training\no_cloud\other5.jpg
DEBUG:root:lbpHist = [ 0.038042    0.02735097  0.01873943  0.01549202  0.0133468   0.01244182
  0.0130225   0.0137215   0.01479302  0.01796592  0.02213146  0.02851671
  0.02970436  0.02635835  0.01924998  0.01555337  0.01256453  0.01203864
  0.01012788  0.01050039  0.01196194  0.01494859  0.02034122  0.02709022
  0.03581571  0.51818066]
INFO:root:training image : images/training\no_cloud\other6.jpg
DEBUG:root:lbpHist = [ 0.05391735  0.03303502  0.02454783  0.01662585  0.01228907  0.00914483
  0.0074886   0.00709311  0.00701432  0.00727646  0.00848416  0.01099652
  0.01263153  0.01301944  0.00957972  0.00816897  0.00703856  0.00766589
  0.00801593  0.01053435  0.01380285  0.0214248   0.02936497  0.02902251
  0.04539683  0.5864205 ]
INFO:root:training image : images/training\no_cloud\other7.jpg
DEBUG:root:lbpHist = [ 0.03624033  0.03216367  0.01569346  0.00891544  0.00661309  0.00576052
  0.00537081  0.00601057  0.00648141  0.00729542  0.00826769  0.01187218
  0.02085146  0.01406812  0.00906573  0.00821183  0.00609836  0.00578712
  0.00503297  0.00583899  0.00661974  0.0099489   0.01742121  0.03395926
  0.04259406  0.66381766]
INFO:root:training image : images/training\no_cloud\other8.jpg
DEBUG:root:lbpHist = [  3.95728867e-02   3.49585689e-02   9.70873786e-03   3.22142798e-03
   1.44030727e-03   8.26843060e-04   5.27519945e-04   4.65284446e-04
   3.43777043e-04   3.79340185e-04   2.75614353e-04   4.94920398e-04
   4.88993207e-04   2.94581363e-03   4.53430065e-04   1.13209337e-03
   4.62320851e-04   1.84335621e-03   7.34971609e-04   1.77222993e-03
   2.33827661e-03   5.98942589e-03   1.72214517e-02   5.22956008e-02
   6.65712389e-02   7.53535569e-01]
INFO:root:training image : images/training\no_cloud\other9.jpg
DEBUG:root:lbpHist = [ 0.03902065  0.02976831  0.01574629  0.0101493   0.00812324  0.00706166
  0.00687805  0.00692026  0.00729171  0.00815911  0.01037723  0.01225133
  0.01445045  0.01349863  0.00982428  0.00878593  0.00697936  0.00678097
  0.00573628  0.00626812  0.00713342  0.00987282  0.01579272  0.03171206
  0.03966435  0.66175347]
DEBUG:root:lbpHist = [ 0.04760252  0.01913453  0.02141487  0.02166556  0.02094723  0.0197468
  0.01830532  0.0190574   0.02139076  0.02590321  0.02831853  0.03003481
  0.02821247  0.02754235  0.02272136  0.02005052  0.01712418  0.01711454
  0.01513311  0.01618408  0.01623229  0.0176352   0.01766413  0.02000231
  0.03576215  0.43509975]
DEBUG:root:lbpHist = [ 0.01808041  0.01485002  0.00794501  0.00666877  0.00763686  0.00958845
  0.01198427  0.01787241  0.02291572  0.0310225   0.03725987  0.04751083
  0.04638867  0.045531    0.03372648  0.02725543  0.01939259  0.01594651
  0.01202793  0.00986064  0.00797325  0.00825829  0.01023042  0.01844505
  0.02341902  0.4882096 ]
DEBUG:root:lbpHist = [ 0.03255478  0.02045084  0.01777342  0.01724287  0.01752665  0.0161756
  0.01513918  0.01761302  0.01831014  0.02320847  0.03133945  0.04222189
  0.04430708  0.04341255  0.02935915  0.02357245  0.01866795  0.01708864
  0.0155957   0.01602137  0.01547848  0.01795849  0.01831014  0.02002517
  0.03078423  0.4198623 ]
DEBUG:root:lbpHist = [ 0.00634387  0.00591394  0.00400313  0.00548401  0.00632476  0.00791073
  0.00858906  0.01776092  0.02052203  0.03076394  0.03743264  0.05567127
  0.05316811  0.07535254  0.04676692  0.04889747  0.02962701  0.03372569
  0.01746475  0.02199335  0.01423549  0.02053159  0.01542974  0.01828639
  0.06741315  0.33038751]
DEBUG:root:lbpHist = [ 0.0278238   0.01637344  0.01269165  0.01406969  0.01432216  0.01571598
  0.01574753  0.01886654  0.01888757  0.02304799  0.02569362  0.03072189
  0.03357791  0.04091519  0.03593951  0.03639185  0.0319211   0.0298856
  0.02393162  0.02239053  0.02056542  0.01994477  0.0180355   0.01897173
  0.04680605  0.38676134]
DEBUG:root:lbpHist = [ 0.0313317   0.02626006  0.01219525  0.00708307  0.00544657  0.00509191
  0.00559857  0.00652068  0.00724014  0.00953023  0.01355309  0.02076282
  0.02361024  0.02355957  0.01399895  0.00982916  0.00613562  0.00670308
  0.00451432  0.00507671  0.00498551  0.00760493  0.01493626  0.03164076
  0.03917476  0.65761608]
DEBUG:root:lbpHist = [ 0.03529412  0.02693476  0.01375144  0.00900791  0.00594995  0.00520214
  0.00427465  0.00426952  0.0038708   0.00414802  0.00416171  0.00481198
  0.00486845  0.00713241  0.00478631  0.00530995  0.00455872  0.00588492
  0.00509604  0.00693733  0.00816941  0.01364535  0.02370567  0.04230503
  0.06355166  0.68237176]
DEBUG:root:lbpHist = [ 0.03882934  0.03372797  0.01154462  0.0049485   0.00314802  0.0024233
  0.00231006  0.00298382  0.00341979  0.0046824   0.00619979  0.00761526
  0.00849286  0.01034996  0.00662443  0.00625641  0.00358965  0.0046371
  0.00225344  0.00302346  0.00295551  0.00613751  0.01613643  0.03608332
  0.04857914  0.72304792]
DEBUG:root:lbpHist = [ 0.03829694  0.03020938  0.01784466  0.01074163  0.00816187  0.0069196
  0.00676866  0.00711     0.00724003  0.00771837  0.00870058  0.01016809
  0.01209536  0.01158916  0.00899083  0.00817348  0.00685922  0.00685226
  0.00632516  0.00685226  0.00768122  0.01116888  0.01757066  0.03038817
  0.04269019  0.66288334]
DEBUG:root:lbpHist = [ 0.04249107  0.03173884  0.01609375  0.01045536  0.00770312  0.0061875
  0.00564955  0.00573214  0.00651116  0.00764062  0.01004464  0.01323437
  0.01715402  0.01506696  0.01041518  0.00916295  0.00634821  0.00646652
  0.00516071  0.00612277  0.00719196  0.01092634  0.01829687  0.03136384
  0.03909375  0.65374777]
DEBUG:root:lbpHist = [ 0.04215046  0.02440169  0.0199855   0.01777549  0.01649681  0.01527921
  0.01364938  0.01444712  0.01492042  0.01679453  0.0198061   0.02358487
  0.02540555  0.02348945  0.01800832  0.01500057  0.01260353  0.01270659
  0.01128669  0.01217985  0.01351578  0.01662659  0.0202794   0.02520325
  0.03855109  0.51585175]
DEBUG:root:lbpHist = [ 0.03692489  0.02736763  0.01705054  0.01076787  0.00712755  0.00626283
  0.00545481  0.00600483  0.00689223  0.00865285  0.01062328  0.014893
  0.01646084  0.0189189   0.01372776  0.01215142  0.00915751  0.00914617
  0.00711054  0.00791288  0.00881162  0.0142636   0.02373581  0.03258996
  0.042581    0.62540968]
